mode: atomic
github.com/vukieuhaihoa/bookmark-service/internal/api/api.go:107.35,123.2 4 0
github.com/vukieuhaihoa/bookmark-service/internal/api/api.go:130.29,132.2 1 0
github.com/vukieuhaihoa/bookmark-service/internal/api/api.go:140.65,142.2 1 0
github.com/vukieuhaihoa/bookmark-service/internal/api/api.go:147.32,162.2 8 0
github.com/vukieuhaihoa/bookmark-service/internal/api/api.go:162.2,170.3 2 0
github.com/vukieuhaihoa/bookmark-service/internal/api/api.go:172.2,175.2 4 0
github.com/vukieuhaihoa/bookmark-service/internal/api/api.go:175.2,183.3 5 0
github.com/vukieuhaihoa/bookmark-service/internal/api/api.go:194.37,195.36 1 0
github.com/vukieuhaihoa/bookmark-service/internal/api/api.go:195.36,202.73 4 0
github.com/vukieuhaihoa/bookmark-service/internal/api/api.go:202.73,204.4 1 0
github.com/vukieuhaihoa/bookmark-service/internal/api/api.go:206.2,206.23 1 0
github.com/vukieuhaihoa/bookmark-service/internal/api/api.go:217.44,240.2 14 0
github.com/vukieuhaihoa/bookmark-service/internal/api/api.go:249.50,259.2 4 0
github.com/vukieuhaihoa/bookmark-service/internal/api/api.go:107.35,123.2 4 0
github.com/vukieuhaihoa/bookmark-service/internal/api/api.go:130.29,132.2 1 0
github.com/vukieuhaihoa/bookmark-service/internal/api/api.go:140.65,142.2 1 0
github.com/vukieuhaihoa/bookmark-service/internal/api/api.go:147.32,162.2 8 0
github.com/vukieuhaihoa/bookmark-service/internal/api/api.go:162.2,170.3 2 0
github.com/vukieuhaihoa/bookmark-service/internal/api/api.go:172.2,175.2 4 0
github.com/vukieuhaihoa/bookmark-service/internal/api/api.go:175.2,183.3 5 0
github.com/vukieuhaihoa/bookmark-service/internal/api/api.go:194.37,195.36 1 0
github.com/vukieuhaihoa/bookmark-service/internal/api/api.go:195.36,202.73 4 0
github.com/vukieuhaihoa/bookmark-service/internal/api/api.go:202.73,204.4 1 0
github.com/vukieuhaihoa/bookmark-service/internal/api/api.go:206.2,206.23 1 0
github.com/vukieuhaihoa/bookmark-service/internal/api/api.go:217.44,240.2 14 0
github.com/vukieuhaihoa/bookmark-service/internal/api/api.go:249.50,259.2 4 0
github.com/vukieuhaihoa/bookmark-service/internal/app/handler/bookmark/create_bookmark.go:40.58,43.48 2 5
github.com/vukieuhaihoa/bookmark-service/internal/app/handler/bookmark/create_bookmark.go:43.48,46.3 2 1
github.com/vukieuhaihoa/bookmark-service/internal/app/handler/bookmark/create_bookmark.go:48.2,49.16 2 4
github.com/vukieuhaihoa/bookmark-service/internal/app/handler/bookmark/create_bookmark.go:49.16,52.3 2 1
github.com/vukieuhaihoa/bookmark-service/internal/app/handler/bookmark/create_bookmark.go:54.2,55.9 2 3
github.com/vukieuhaihoa/bookmark-service/internal/app/handler/bookmark/create_bookmark.go:56.50,58.9 2 0
github.com/vukieuhaihoa/bookmark-service/internal/app/handler/bookmark/create_bookmark.go:59.49,61.9 2 1
github.com/vukieuhaihoa/bookmark-service/internal/app/handler/bookmark/create_bookmark.go:62.27,62.27 0 1
github.com/vukieuhaihoa/bookmark-service/internal/app/handler/bookmark/create_bookmark.go:63.10,69.9 3 1
github.com/vukieuhaihoa/bookmark-service/internal/app/handler/bookmark/create_bookmark.go:73.2,76.4 1 1
github.com/vukieuhaihoa/bookmark-service/internal/app/handler/bookmark/delete_bookmark_by_id.go:27.62,29.22 2 6
github.com/vukieuhaihoa/bookmark-service/internal/app/handler/bookmark/delete_bookmark_by_id.go:29.22,34.3 2 1
github.com/vukieuhaihoa/bookmark-service/internal/app/handler/bookmark/delete_bookmark_by_id.go:36.2,37.16 2 5
github.com/vukieuhaihoa/bookmark-service/internal/app/handler/bookmark/delete_bookmark_by_id.go:37.16,40.3 2 1
github.com/vukieuhaihoa/bookmark-service/internal/app/handler/bookmark/delete_bookmark_by_id.go:42.2,43.9 2 4
github.com/vukieuhaihoa/bookmark-service/internal/app/handler/bookmark/delete_bookmark_by_id.go:44.53,46.9 2 2
github.com/vukieuhaihoa/bookmark-service/internal/app/handler/bookmark/delete_bookmark_by_id.go:47.18,47.18 0 1
github.com/vukieuhaihoa/bookmark-service/internal/app/handler/bookmark/delete_bookmark_by_id.go:48.10,51.9 3 1
github.com/vukieuhaihoa/bookmark-service/internal/app/handler/bookmark/delete_bookmark_by_id.go:54.2,56.4 1 1
github.com/vukieuhaihoa/bookmark-service/internal/app/handler/bookmark/handler.go:38.110,44.2 1 18
github.com/vukieuhaihoa/bookmark-service/internal/app/handler/bookmark/import_bookmarks.go:29.59,32.16 2 5
github.com/vukieuhaihoa/bookmark-service/internal/app/handler/bookmark/import_bookmarks.go:32.16,36.3 3 1
github.com/vukieuhaihoa/bookmark-service/internal/app/handler/bookmark/import_bookmarks.go:39.2,40.16 2 4
github.com/vukieuhaihoa/bookmark-service/internal/app/handler/bookmark/import_bookmarks.go:40.16,45.3 2 0
github.com/vukieuhaihoa/bookmark-service/internal/app/handler/bookmark/import_bookmarks.go:48.2,48.34 1 4
github.com/vukieuhaihoa/bookmark-service/internal/app/handler/bookmark/import_bookmarks.go:48.34,53.3 2 0
github.com/vukieuhaihoa/bookmark-service/internal/app/handler/bookmark/import_bookmarks.go:56.2,58.16 3 4
github.com/vukieuhaihoa/bookmark-service/internal/app/handler/bookmark/import_bookmarks.go:58.16,64.3 3 1
github.com/vukieuhaihoa/bookmark-service/internal/app/handler/bookmark/import_bookmarks.go:65.2,66.16 2 3
github.com/vukieuhaihoa/bookmark-service/internal/app/handler/bookmark/import_bookmarks.go:66.16,70.3 3 1
github.com/vukieuhaihoa/bookmark-service/internal/app/handler/bookmark/import_bookmarks.go:72.2,73.16 2 2
github.com/vukieuhaihoa/bookmark-service/internal/app/handler/bookmark/import_bookmarks.go:73.16,79.3 3 1
github.com/vukieuhaihoa/bookmark-service/internal/app/handler/bookmark/import_bookmarks.go:81.2,83.4 1 1
github.com/vukieuhaihoa/bookmark-service/internal/app/handler/bookmark/list_bookmarks.go:46.57,48.49 2 5
github.com/vukieuhaihoa/bookmark-service/internal/app/handler/bookmark/list_bookmarks.go:48.49,51.3 2 1
github.com/vukieuhaihoa/bookmark-service/internal/app/handler/bookmark/list_bookmarks.go:53.2,54.16 2 4
github.com/vukieuhaihoa/bookmark-service/internal/app/handler/bookmark/list_bookmarks.go:54.16,57.3 2 1
github.com/vukieuhaihoa/bookmark-service/internal/app/handler/bookmark/list_bookmarks.go:59.2,60.16 2 3
github.com/vukieuhaihoa/bookmark-service/internal/app/handler/bookmark/list_bookmarks.go:60.16,63.3 2 1
github.com/vukieuhaihoa/bookmark-service/internal/app/handler/bookmark/list_bookmarks.go:65.2,68.9 3 2
github.com/vukieuhaihoa/bookmark-service/internal/app/handler/bookmark/list_bookmarks.go:69.51,71.9 2 0
github.com/vukieuhaihoa/bookmark-service/internal/app/handler/bookmark/list_bookmarks.go:72.27,72.27 0 1
github.com/vukieuhaihoa/bookmark-service/internal/app/handler/bookmark/list_bookmarks.go:73.10,79.9 3 1
github.com/vukieuhaihoa/bookmark-service/internal/app/handler/bookmark/list_bookmarks.go:82.2,85.4 1 1
github.com/vukieuhaihoa/bookmark-service/internal/app/handler/bookmark/update_bookmark_by_id.go:35.62,37.48 2 7
github.com/vukieuhaihoa/bookmark-service/internal/app/handler/bookmark/update_bookmark_by_id.go:37.48,40.3 2 1
github.com/vukieuhaihoa/bookmark-service/internal/app/handler/bookmark/update_bookmark_by_id.go:42.2,43.22 2 6
github.com/vukieuhaihoa/bookmark-service/internal/app/handler/bookmark/update_bookmark_by_id.go:43.22,48.3 2 1
github.com/vukieuhaihoa/bookmark-service/internal/app/handler/bookmark/update_bookmark_by_id.go:50.2,51.16 2 5
github.com/vukieuhaihoa/bookmark-service/internal/app/handler/bookmark/update_bookmark_by_id.go:51.16,54.3 2 1
github.com/vukieuhaihoa/bookmark-service/internal/app/handler/bookmark/update_bookmark_by_id.go:56.2,62.9 3 4
github.com/vukieuhaihoa/bookmark-service/internal/app/handler/bookmark/update_bookmark_by_id.go:63.53,65.9 2 2
github.com/vukieuhaihoa/bookmark-service/internal/app/handler/bookmark/update_bookmark_by_id.go:66.18,66.18 0 1
github.com/vukieuhaihoa/bookmark-service/internal/app/handler/bookmark/update_bookmark_by_id.go:67.10,73.9 3 1
github.com/vukieuhaihoa/bookmark-service/internal/app/handler/bookmark/update_bookmark_by_id.go:76.2,78.4 1 1
github.com/vukieuhaihoa/bookmark-service/internal/app/handler/healthcheck/check.go:33.52,35.16 2 0
github.com/vukieuhaihoa/bookmark-service/internal/app/handler/healthcheck/check.go:35.16,43.3 3 0
github.com/vukieuhaihoa/bookmark-service/internal/app/handler/healthcheck/check.go:44.2,48.4 1 0
github.com/vukieuhaihoa/bookmark-service/internal/app/handler/healthcheck/handler.go:37.61,39.2 1 0
github.com/vukieuhaihoa/bookmark-service/internal/app/handler/link/get_url.go:29.46,31.16 2 0
github.com/vukieuhaihoa/bookmark-service/internal/app/handler/link/get_url.go:31.16,36.3 2 0
github.com/vukieuhaihoa/bookmark-service/internal/app/handler/link/get_url.go:38.2,40.9 2 0
github.com/vukieuhaihoa/bookmark-service/internal/app/handler/link/get_url.go:41.96,45.9 2 0
github.com/vukieuhaihoa/bookmark-service/internal/app/handler/link/get_url.go:46.18,46.18 0 0
github.com/vukieuhaihoa/bookmark-service/internal/app/handler/link/get_url.go:47.10,52.9 3 0
github.com/vukieuhaihoa/bookmark-service/internal/app/handler/link/get_url.go:55.2,55.35 1 0
github.com/vukieuhaihoa/bookmark-service/internal/app/handler/link/handler.go:48.51,52.2 1 0
github.com/vukieuhaihoa/bookmark-service/internal/app/handler/link/shorten_url.go:36.50,40.58 3 0
github.com/vukieuhaihoa/bookmark-service/internal/app/handler/link/shorten_url.go:40.58,45.3 2 0
github.com/vukieuhaihoa/bookmark-service/internal/app/handler/link/shorten_url.go:47.2,48.16 2 0
github.com/vukieuhaihoa/bookmark-service/internal/app/handler/link/shorten_url.go:48.16,54.3 3 0
github.com/vukieuhaihoa/bookmark-service/internal/app/handler/link/shorten_url.go:56.2,59.4 1 0
github.com/vukieuhaihoa/bookmark-service/internal/app/model/base.go:27.54,28.16 1 0
github.com/vukieuhaihoa/bookmark-service/internal/app/model/base.go:28.16,30.3 1 0
github.com/vukieuhaihoa/bookmark-service/internal/app/model/base.go:31.2,31.12 1 0
github.com/vukieuhaihoa/bookmark-service/internal/app/repository/bookmark/create_bookmark.go:23.117,24.67 1 0
github.com/vukieuhaihoa/bookmark-service/internal/app/repository/bookmark/create_bookmark.go:24.67,26.78 1 0
github.com/vukieuhaihoa/bookmark-service/internal/app/repository/bookmark/create_bookmark.go:26.78,28.4 1 0
github.com/vukieuhaihoa/bookmark-service/internal/app/repository/bookmark/create_bookmark.go:30.3,31.17 2 0
github.com/vukieuhaihoa/bookmark-service/internal/app/repository/bookmark/create_bookmark.go:31.17,33.4 1 0
github.com/vukieuhaihoa/bookmark-service/internal/app/repository/bookmark/create_bookmark.go:35.3,37.49 2 0
github.com/vukieuhaihoa/bookmark-service/internal/app/repository/bookmark/create_bookmark.go:37.49,39.4 1 0
github.com/vukieuhaihoa/bookmark-service/internal/app/repository/bookmark/create_bookmark.go:41.3,41.13 1 0
github.com/vukieuhaihoa/bookmark-service/internal/app/repository/bookmark/create_bookmark.go:44.2,44.16 1 0
github.com/vukieuhaihoa/bookmark-service/internal/app/repository/bookmark/create_bookmark.go:44.16,46.3 1 0
github.com/vukieuhaihoa/bookmark-service/internal/app/repository/bookmark/create_bookmark.go:48.2,48.22 1 0
github.com/vukieuhaihoa/bookmark-service/internal/app/repository/bookmark/delete_bookmark_by_id.go:21.95,23.25 2 0
github.com/vukieuhaihoa/bookmark-service/internal/app/repository/bookmark/delete_bookmark_by_id.go:23.25,26.3 1 0
github.com/vukieuhaihoa/bookmark-service/internal/app/repository/bookmark/delete_bookmark_by_id.go:28.2,28.30 1 0
github.com/vukieuhaihoa/bookmark-service/internal/app/repository/bookmark/delete_bookmark_by_id.go:28.30,31.3 1 0
github.com/vukieuhaihoa/bookmark-service/internal/app/repository/bookmark/delete_bookmark_by_id.go:33.2,33.12 1 0
github.com/vukieuhaihoa/bookmark-service/internal/app/repository/bookmark/get_bookmark_by_code_shorten_encoded.go:19.121,22.16 3 0
github.com/vukieuhaihoa/bookmark-service/internal/app/repository/bookmark/get_bookmark_by_code_shorten_encoded.go:22.16,24.3 1 0
github.com/vukieuhaihoa/bookmark-service/internal/app/repository/bookmark/get_bookmark_by_code_shorten_encoded.go:26.2,26.17 1 0
github.com/vukieuhaihoa/bookmark-service/internal/app/repository/bookmark/list_bookmarks.go:24.134,29.41 3 0
github.com/vukieuhaihoa/bookmark-service/internal/app/repository/bookmark/list_bookmarks.go:29.41,31.3 1 0
github.com/vukieuhaihoa/bookmark-service/internal/app/repository/bookmark/list_bookmarks.go:33.2,33.55 1 0
github.com/vukieuhaihoa/bookmark-service/internal/app/repository/bookmark/list_bookmarks.go:33.55,35.3 1 0
github.com/vukieuhaihoa/bookmark-service/internal/app/repository/bookmark/list_bookmarks.go:37.2,37.108 1 0
github.com/vukieuhaihoa/bookmark-service/internal/app/repository/bookmark/list_bookmarks.go:37.108,39.3 1 0
github.com/vukieuhaihoa/bookmark-service/internal/app/repository/bookmark/list_bookmarks.go:41.2,41.23 1 0
github.com/vukieuhaihoa/bookmark-service/internal/app/repository/bookmark/repo.go:80.52,84.2 1 0
github.com/vukieuhaihoa/bookmark-service/internal/app/repository/bookmark/update_bookmark_by_id.go:21.128,23.25 2 0
github.com/vukieuhaihoa/bookmark-service/internal/app/repository/bookmark/update_bookmark_by_id.go:23.25,25.3 1 0
github.com/vukieuhaihoa/bookmark-service/internal/app/repository/bookmark/update_bookmark_by_id.go:27.2,27.30 1 0
github.com/vukieuhaihoa/bookmark-service/internal/app/repository/bookmark/update_bookmark_by_id.go:27.30,29.3 1 0
github.com/vukieuhaihoa/bookmark-service/internal/app/repository/bookmark/update_bookmark_by_id.go:31.2,31.12 1 0
github.com/vukieuhaihoa/bookmark-service/internal/app/repository/cache/del.go:13.80,15.2 1 0
github.com/vukieuhaihoa/bookmark-service/internal/app/repository/cache/get.go:15.95,17.16 2 0
github.com/vukieuhaihoa/bookmark-service/internal/app/repository/cache/get.go:17.16,19.3 1 0
github.com/vukieuhaihoa/bookmark-service/internal/app/repository/cache/get.go:21.2,21.20 1 0
github.com/vukieuhaihoa/bookmark-service/internal/app/repository/cache/redis.go:16.45,20.2 1 0
github.com/vukieuhaihoa/bookmark-service/internal/app/repository/cache/set.go:19.123,21.16 2 0
github.com/vukieuhaihoa/bookmark-service/internal/app/repository/cache/set.go:21.16,23.3 1 0
github.com/vukieuhaihoa/bookmark-service/internal/app/repository/cache/set.go:25.2,25.51 1 0
github.com/vukieuhaihoa/bookmark-service/internal/app/repository/healthcheck/db_ping.go:12.64,14.16 2 0
github.com/vukieuhaihoa/bookmark-service/internal/app/repository/healthcheck/db_ping.go:14.16,16.3 1 0
github.com/vukieuhaihoa/bookmark-service/internal/app/repository/healthcheck/db_ping.go:18.2,18.31 1 0
github.com/vukieuhaihoa/bookmark-service/internal/app/repository/healthcheck/redis_ping.go:12.67,14.2 1 0
github.com/vukieuhaihoa/bookmark-service/internal/app/repository/healthcheck/repo.go:51.82,56.2 1 0
github.com/vukieuhaihoa/bookmark-service/internal/app/repository/link/get_url.go:14.81,16.2 1 0
github.com/vukieuhaihoa/bookmark-service/internal/app/repository/link/repo.go:73.62,77.2 1 0
github.com/vukieuhaihoa/bookmark-service/internal/app/repository/link/store_url.go:18.94,19.19 1 0
github.com/vukieuhaihoa/bookmark-service/internal/app/repository/link/store_url.go:19.19,21.3 1 0
github.com/vukieuhaihoa/bookmark-service/internal/app/repository/link/store_url.go:22.2,22.85 1 0
github.com/vukieuhaihoa/bookmark-service/internal/app/repository/link/store_url_if_absent.go:20.110,21.19 1 0
github.com/vukieuhaihoa/bookmark-service/internal/app/repository/link/store_url_if_absent.go:21.19,23.3 1 0
github.com/vukieuhaihoa/bookmark-service/internal/app/repository/link/store_url_if_absent.go:24.2,24.90 1 0
github.com/vukieuhaihoa/bookmark-service/internal/app/repository/queue/push_message.go:11.77,13.2 1 0
github.com/vukieuhaihoa/bookmark-service/internal/app/repository/queue/redis.go:17.66,22.2 1 0
github.com/vukieuhaihoa/bookmark-service/internal/app/service/bookmark/cache_create_bookmark.go:23.130,25.16 2 0
github.com/vukieuhaihoa/bookmark-service/internal/app/service/bookmark/cache_create_bookmark.go:25.16,27.3 1 0
github.com/vukieuhaihoa/bookmark-service/internal/app/service/bookmark/cache_create_bookmark.go:29.2,29.60 1 0
github.com/vukieuhaihoa/bookmark-service/internal/app/service/bookmark/cache_delete_bookmark_by_id.go:19.101,21.16 2 0
github.com/vukieuhaihoa/bookmark-service/internal/app/service/bookmark/cache_delete_bookmark_by_id.go:21.16,23.3 1 0
github.com/vukieuhaihoa/bookmark-service/internal/app/service/bookmark/cache_delete_bookmark_by_id.go:24.2,24.50 1 0
github.com/vukieuhaihoa/bookmark-service/internal/app/service/bookmark/cache_list_bookmarks.go:29.140,35.39 5 0
github.com/vukieuhaihoa/bookmark-service/internal/app/service/bookmark/cache_list_bookmarks.go:35.39,37.17 2 0
github.com/vukieuhaihoa/bookmark-service/internal/app/service/bookmark/cache_list_bookmarks.go:37.17,40.4 2 0
github.com/vukieuhaihoa/bookmark-service/internal/app/service/bookmark/cache_list_bookmarks.go:43.2,44.16 2 0
github.com/vukieuhaihoa/bookmark-service/internal/app/service/bookmark/cache_list_bookmarks.go:44.16,46.3 1 0
github.com/vukieuhaihoa/bookmark-service/internal/app/service/bookmark/cache_list_bookmarks.go:48.2,52.16 2 0
github.com/vukieuhaihoa/bookmark-service/internal/app/service/bookmark/cache_list_bookmarks.go:52.16,54.22 2 0
github.com/vukieuhaihoa/bookmark-service/internal/app/service/bookmark/cache_list_bookmarks.go:54.22,56.4 1 0
github.com/vukieuhaihoa/bookmark-service/internal/app/service/bookmark/cache_list_bookmarks.go:59.2,59.23 1 0
github.com/vukieuhaihoa/bookmark-service/internal/app/service/bookmark/cache_list_bookmarks.go:62.73,64.36 2 0
github.com/vukieuhaihoa/bookmark-service/internal/app/service/bookmark/cache_list_bookmarks.go:64.36,69.3 4 0
github.com/vukieuhaihoa/bookmark-service/internal/app/service/bookmark/cache_list_bookmarks.go:71.2,71.93 1 0
github.com/vukieuhaihoa/bookmark-service/internal/app/service/bookmark/cache_service.go:28.71,33.2 1 0
github.com/vukieuhaihoa/bookmark-service/internal/app/service/bookmark/cache_update_bookmark_by_id.go:21.134,23.16 2 0
github.com/vukieuhaihoa/bookmark-service/internal/app/service/bookmark/cache_update_bookmark_by_id.go:23.16,25.3 1 0
github.com/vukieuhaihoa/bookmark-service/internal/app/service/bookmark/cache_update_bookmark_by_id.go:26.2,26.67 1 0
github.com/vukieuhaihoa/bookmark-service/internal/app/service/bookmark/create_bookmark.go:19.121,27.16 3 0
github.com/vukieuhaihoa/bookmark-service/internal/app/service/bookmark/create_bookmark.go:27.16,29.3 1 0
github.com/vukieuhaihoa/bookmark-service/internal/app/service/bookmark/create_bookmark.go:31.2,31.29 1 0
github.com/vukieuhaihoa/bookmark-service/internal/app/service/bookmark/delete_bookmark_by_id.go:16.92,18.2 1 0
github.com/vukieuhaihoa/bookmark-service/internal/app/service/bookmark/list_bookmarks.go:20.131,22.2 1 0
github.com/vukieuhaihoa/bookmark-service/internal/app/service/bookmark/service.go:74.59,78.2 1 0
github.com/vukieuhaihoa/bookmark-service/internal/app/service/bookmark/update_bookmark_by_id.go:20.125,22.2 1 0
github.com/vukieuhaihoa/bookmark-service/internal/app/service/healthcheck/check.go:16.89,17.57 1 0
github.com/vukieuhaihoa/bookmark-service/internal/app/service/healthcheck/check.go:17.57,19.3 1 0
github.com/vukieuhaihoa/bookmark-service/internal/app/service/healthcheck/check.go:21.2,21.54 1 0
github.com/vukieuhaihoa/bookmark-service/internal/app/service/healthcheck/check.go:21.54,23.3 1 0
github.com/vukieuhaihoa/bookmark-service/internal/app/service/healthcheck/check.go:25.2,25.51 1 0
github.com/vukieuhaihoa/bookmark-service/internal/app/service/healthcheck/service.go:53.108,59.2 1 0
github.com/vukieuhaihoa/bookmark-service/internal/app/service/link/get_url.go:21.83,22.9 1 0
github.com/vukieuhaihoa/bookmark-service/internal/app/service/link/get_url.go:23.102,25.32 2 0
github.com/vukieuhaihoa/bookmark-service/internal/app/service/link/get_url.go:25.32,27.4 1 0
github.com/vukieuhaihoa/bookmark-service/internal/app/service/link/get_url.go:29.3,29.18 1 0
github.com/vukieuhaihoa/bookmark-service/internal/app/service/link/get_url.go:30.63,32.17 2 0
github.com/vukieuhaihoa/bookmark-service/internal/app/service/link/get_url.go:32.17,34.4 1 0
github.com/vukieuhaihoa/bookmark-service/internal/app/service/link/get_url.go:35.3,35.27 1 0
github.com/vukieuhaihoa/bookmark-service/internal/app/service/link/get_url.go:36.10,37.29 1 0
github.com/vukieuhaihoa/bookmark-service/internal/app/service/link/service.go:71.120,77.2 1 0
github.com/vukieuhaihoa/bookmark-service/internal/app/service/link/shorten_url.go:20.105,21.59 1 0
github.com/vukieuhaihoa/bookmark-service/internal/app/service/link/shorten_url.go:21.59,23.17 2 0
github.com/vukieuhaihoa/bookmark-service/internal/app/service/link/shorten_url.go:23.17,25.4 1 0
github.com/vukieuhaihoa/bookmark-service/internal/app/service/link/shorten_url.go:27.3,30.17 3 0
github.com/vukieuhaihoa/bookmark-service/internal/app/service/link/shorten_url.go:30.17,32.4 1 0
github.com/vukieuhaihoa/bookmark-service/internal/app/service/link/shorten_url.go:33.3,33.13 1 0
github.com/vukieuhaihoa/bookmark-service/internal/app/service/link/shorten_url.go:33.13,35.4 1 0
github.com/vukieuhaihoa/bookmark-service/internal/app/service/link/shorten_url.go:39.2,39.34 1 0
github.com/vukieuhaihoa/bookmark-service/internal/app/service/queue/send_import_bookmark_job.go:34.119,36.32 2 0
github.com/vukieuhaihoa/bookmark-service/internal/app/service/queue/send_import_bookmark_job.go:36.32,37.52 1 0
github.com/vukieuhaihoa/bookmark-service/internal/app/service/queue/send_import_bookmark_job.go:37.52,39.4 1 0
github.com/vukieuhaihoa/bookmark-service/internal/app/service/queue/send_import_bookmark_job.go:41.2,41.12 1 0
github.com/vukieuhaihoa/bookmark-service/internal/app/service/queue/send_import_bookmark_job.go:51.105,58.16 3 0
github.com/vukieuhaihoa/bookmark-service/internal/app/service/queue/send_import_bookmark_job.go:58.16,60.3 1 0
github.com/vukieuhaihoa/bookmark-service/internal/app/service/queue/send_import_bookmark_job.go:62.2,62.46 1 0
github.com/vukieuhaihoa/bookmark-service/internal/app/service/queue/service.go:33.53,37.2 1 0
github.com/vukieuhaihoa/bookmark-service/internal/api/api.go:107.35,123.2 4 0
github.com/vukieuhaihoa/bookmark-service/internal/api/api.go:130.29,132.2 1 0
github.com/vukieuhaihoa/bookmark-service/internal/api/api.go:140.65,142.2 1 0
github.com/vukieuhaihoa/bookmark-service/internal/api/api.go:147.32,162.2 8 0
github.com/vukieuhaihoa/bookmark-service/internal/api/api.go:162.2,170.3 2 0
github.com/vukieuhaihoa/bookmark-service/internal/api/api.go:172.2,175.2 4 0
github.com/vukieuhaihoa/bookmark-service/internal/api/api.go:175.2,183.3 5 0
github.com/vukieuhaihoa/bookmark-service/internal/api/api.go:194.37,195.36 1 0
github.com/vukieuhaihoa/bookmark-service/internal/api/api.go:195.36,202.73 4 0
github.com/vukieuhaihoa/bookmark-service/internal/api/api.go:202.73,204.4 1 0
github.com/vukieuhaihoa/bookmark-service/internal/api/api.go:206.2,206.23 1 0
github.com/vukieuhaihoa/bookmark-service/internal/api/api.go:217.44,240.2 14 0
github.com/vukieuhaihoa/bookmark-service/internal/api/api.go:249.50,259.2 4 0
github.com/vukieuhaihoa/bookmark-service/internal/app/handler/bookmark/create_bookmark.go:40.58,43.48 2 5
github.com/vukieuhaihoa/bookmark-service/internal/app/handler/bookmark/create_bookmark.go:43.48,46.3 2 1
github.com/vukieuhaihoa/bookmark-service/internal/app/handler/bookmark/create_bookmark.go:48.2,49.16 2 4
github.com/vukieuhaihoa/bookmark-service/internal/app/handler/bookmark/create_bookmark.go:49.16,52.3 2 1
github.com/vukieuhaihoa/bookmark-service/internal/app/handler/bookmark/create_bookmark.go:54.2,55.9 2 3
github.com/vukieuhaihoa/bookmark-service/internal/app/handler/bookmark/create_bookmark.go:56.50,58.9 2 0
github.com/vukieuhaihoa/bookmark-service/internal/app/handler/bookmark/create_bookmark.go:59.49,61.9 2 1
github.com/vukieuhaihoa/bookmark-service/internal/app/handler/bookmark/create_bookmark.go:62.27,62.27 0 1
github.com/vukieuhaihoa/bookmark-service/internal/app/handler/bookmark/create_bookmark.go:63.10,69.9 3 1
github.com/vukieuhaihoa/bookmark-service/internal/app/handler/bookmark/create_bookmark.go:73.2,76.4 1 1
github.com/vukieuhaihoa/bookmark-service/internal/app/handler/bookmark/delete_bookmark_by_id.go:27.62,29.22 2 6
github.com/vukieuhaihoa/bookmark-service/internal/app/handler/bookmark/delete_bookmark_by_id.go:29.22,34.3 2 1
github.com/vukieuhaihoa/bookmark-service/internal/app/handler/bookmark/delete_bookmark_by_id.go:36.2,37.16 2 5
github.com/vukieuhaihoa/bookmark-service/internal/app/handler/bookmark/delete_bookmark_by_id.go:37.16,40.3 2 1
github.com/vukieuhaihoa/bookmark-service/internal/app/handler/bookmark/delete_bookmark_by_id.go:42.2,43.9 2 4
github.com/vukieuhaihoa/bookmark-service/internal/app/handler/bookmark/delete_bookmark_by_id.go:44.53,46.9 2 2
github.com/vukieuhaihoa/bookmark-service/internal/app/handler/bookmark/delete_bookmark_by_id.go:47.18,47.18 0 1
github.com/vukieuhaihoa/bookmark-service/internal/app/handler/bookmark/delete_bookmark_by_id.go:48.10,51.9 3 1
github.com/vukieuhaihoa/bookmark-service/internal/app/handler/bookmark/delete_bookmark_by_id.go:54.2,56.4 1 1
github.com/vukieuhaihoa/bookmark-service/internal/app/handler/bookmark/handler.go:38.110,44.2 1 18
github.com/vukieuhaihoa/bookmark-service/internal/app/handler/bookmark/import_bookmarks.go:29.59,32.16 2 5
github.com/vukieuhaihoa/bookmark-service/internal/app/handler/bookmark/import_bookmarks.go:32.16,36.3 3 1
github.com/vukieuhaihoa/bookmark-service/internal/app/handler/bookmark/import_bookmarks.go:39.2,40.16 2 4
github.com/vukieuhaihoa/bookmark-service/internal/app/handler/bookmark/import_bookmarks.go:40.16,45.3 2 0
github.com/vukieuhaihoa/bookmark-service/internal/app/handler/bookmark/import_bookmarks.go:48.2,48.34 1 4
github.com/vukieuhaihoa/bookmark-service/internal/app/handler/bookmark/import_bookmarks.go:48.34,53.3 2 0
github.com/vukieuhaihoa/bookmark-service/internal/app/handler/bookmark/import_bookmarks.go:56.2,58.16 3 4
github.com/vukieuhaihoa/bookmark-service/internal/app/handler/bookmark/import_bookmarks.go:58.16,64.3 3 1
github.com/vukieuhaihoa/bookmark-service/internal/app/handler/bookmark/import_bookmarks.go:65.2,66.16 2 3
github.com/vukieuhaihoa/bookmark-service/internal/app/handler/bookmark/import_bookmarks.go:66.16,70.3 3 1
github.com/vukieuhaihoa/bookmark-service/internal/app/handler/bookmark/import_bookmarks.go:72.2,73.16 2 2
github.com/vukieuhaihoa/bookmark-service/internal/app/handler/bookmark/import_bookmarks.go:73.16,79.3 3 1
github.com/vukieuhaihoa/bookmark-service/internal/app/handler/bookmark/import_bookmarks.go:81.2,83.4 1 1
github.com/vukieuhaihoa/bookmark-service/internal/app/handler/bookmark/list_bookmarks.go:46.57,48.49 2 5
github.com/vukieuhaihoa/bookmark-service/internal/app/handler/bookmark/list_bookmarks.go:48.49,51.3 2 1
github.com/vukieuhaihoa/bookmark-service/internal/app/handler/bookmark/list_bookmarks.go:53.2,54.16 2 4
github.com/vukieuhaihoa/bookmark-service/internal/app/handler/bookmark/list_bookmarks.go:54.16,57.3 2 1
github.com/vukieuhaihoa/bookmark-service/internal/app/handler/bookmark/list_bookmarks.go:59.2,60.16 2 3
github.com/vukieuhaihoa/bookmark-service/internal/app/handler/bookmark/list_bookmarks.go:60.16,63.3 2 1
github.com/vukieuhaihoa/bookmark-service/internal/app/handler/bookmark/list_bookmarks.go:65.2,68.9 3 2
github.com/vukieuhaihoa/bookmark-service/internal/app/handler/bookmark/list_bookmarks.go:69.51,71.9 2 0
github.com/vukieuhaihoa/bookmark-service/internal/app/handler/bookmark/list_bookmarks.go:72.27,72.27 0 1
github.com/vukieuhaihoa/bookmark-service/internal/app/handler/bookmark/list_bookmarks.go:73.10,79.9 3 1
github.com/vukieuhaihoa/bookmark-service/internal/app/handler/bookmark/list_bookmarks.go:82.2,85.4 1 1
github.com/vukieuhaihoa/bookmark-service/internal/app/handler/bookmark/update_bookmark_by_id.go:35.62,37.48 2 7
github.com/vukieuhaihoa/bookmark-service/internal/app/handler/bookmark/update_bookmark_by_id.go:37.48,40.3 2 1
github.com/vukieuhaihoa/bookmark-service/internal/app/handler/bookmark/update_bookmark_by_id.go:42.2,43.22 2 6
github.com/vukieuhaihoa/bookmark-service/internal/app/handler/bookmark/update_bookmark_by_id.go:43.22,48.3 2 1
github.com/vukieuhaihoa/bookmark-service/internal/app/handler/bookmark/update_bookmark_by_id.go:50.2,51.16 2 5
github.com/vukieuhaihoa/bookmark-service/internal/app/handler/bookmark/update_bookmark_by_id.go:51.16,54.3 2 1
github.com/vukieuhaihoa/bookmark-service/internal/app/handler/bookmark/update_bookmark_by_id.go:56.2,62.9 3 4
github.com/vukieuhaihoa/bookmark-service/internal/app/handler/bookmark/update_bookmark_by_id.go:63.53,65.9 2 2
github.com/vukieuhaihoa/bookmark-service/internal/app/handler/bookmark/update_bookmark_by_id.go:66.18,66.18 0 1
github.com/vukieuhaihoa/bookmark-service/internal/app/handler/bookmark/update_bookmark_by_id.go:67.10,73.9 3 1
github.com/vukieuhaihoa/bookmark-service/internal/app/handler/bookmark/update_bookmark_by_id.go:76.2,78.4 1 1
github.com/vukieuhaihoa/bookmark-service/internal/app/handler/healthcheck/check.go:33.52,35.16 2 0
github.com/vukieuhaihoa/bookmark-service/internal/app/handler/healthcheck/check.go:35.16,43.3 3 0
github.com/vukieuhaihoa/bookmark-service/internal/app/handler/healthcheck/check.go:44.2,48.4 1 0
github.com/vukieuhaihoa/bookmark-service/internal/app/handler/healthcheck/handler.go:37.61,39.2 1 0
github.com/vukieuhaihoa/bookmark-service/internal/app/handler/link/get_url.go:29.46,31.16 2 0
github.com/vukieuhaihoa/bookmark-service/internal/app/handler/link/get_url.go:31.16,36.3 2 0
github.com/vukieuhaihoa/bookmark-service/internal/app/handler/link/get_url.go:38.2,40.9 2 0
github.com/vukieuhaihoa/bookmark-service/internal/app/handler/link/get_url.go:41.96,45.9 2 0
github.com/vukieuhaihoa/bookmark-service/internal/app/handler/link/get_url.go:46.18,46.18 0 0
github.com/vukieuhaihoa/bookmark-service/internal/app/handler/link/get_url.go:47.10,52.9 3 0
github.com/vukieuhaihoa/bookmark-service/internal/app/handler/link/get_url.go:55.2,55.35 1 0
github.com/vukieuhaihoa/bookmark-service/internal/app/handler/link/handler.go:48.51,52.2 1 0
github.com/vukieuhaihoa/bookmark-service/internal/app/handler/link/shorten_url.go:36.50,40.58 3 0
github.com/vukieuhaihoa/bookmark-service/internal/app/handler/link/shorten_url.go:40.58,45.3 2 0
github.com/vukieuhaihoa/bookmark-service/internal/app/handler/link/shorten_url.go:47.2,48.16 2 0
github.com/vukieuhaihoa/bookmark-service/internal/app/handler/link/shorten_url.go:48.16,54.3 3 0
github.com/vukieuhaihoa/bookmark-service/internal/app/handler/link/shorten_url.go:56.2,59.4 1 0
github.com/vukieuhaihoa/bookmark-service/internal/app/model/base.go:27.54,28.16 1 0
github.com/vukieuhaihoa/bookmark-service/internal/app/model/base.go:28.16,30.3 1 0
github.com/vukieuhaihoa/bookmark-service/internal/app/model/base.go:31.2,31.12 1 0
github.com/vukieuhaihoa/bookmark-service/internal/app/repository/bookmark/create_bookmark.go:23.117,24.67 1 0
github.com/vukieuhaihoa/bookmark-service/internal/app/repository/bookmark/create_bookmark.go:24.67,26.78 1 0
github.com/vukieuhaihoa/bookmark-service/internal/app/repository/bookmark/create_bookmark.go:26.78,28.4 1 0
github.com/vukieuhaihoa/bookmark-service/internal/app/repository/bookmark/create_bookmark.go:30.3,31.17 2 0
github.com/vukieuhaihoa/bookmark-service/internal/app/repository/bookmark/create_bookmark.go:31.17,33.4 1 0
github.com/vukieuhaihoa/bookmark-service/internal/app/repository/bookmark/create_bookmark.go:35.3,37.49 2 0
github.com/vukieuhaihoa/bookmark-service/internal/app/repository/bookmark/create_bookmark.go:37.49,39.4 1 0
github.com/vukieuhaihoa/bookmark-service/internal/app/repository/bookmark/create_bookmark.go:41.3,41.13 1 0
github.com/vukieuhaihoa/bookmark-service/internal/app/repository/bookmark/create_bookmark.go:44.2,44.16 1 0
github.com/vukieuhaihoa/bookmark-service/internal/app/repository/bookmark/create_bookmark.go:44.16,46.3 1 0
github.com/vukieuhaihoa/bookmark-service/internal/app/repository/bookmark/create_bookmark.go:48.2,48.22 1 0
github.com/vukieuhaihoa/bookmark-service/internal/app/repository/bookmark/delete_bookmark_by_id.go:21.95,23.25 2 0
github.com/vukieuhaihoa/bookmark-service/internal/app/repository/bookmark/delete_bookmark_by_id.go:23.25,26.3 1 0
github.com/vukieuhaihoa/bookmark-service/internal/app/repository/bookmark/delete_bookmark_by_id.go:28.2,28.30 1 0
github.com/vukieuhaihoa/bookmark-service/internal/app/repository/bookmark/delete_bookmark_by_id.go:28.30,31.3 1 0
github.com/vukieuhaihoa/bookmark-service/internal/app/repository/bookmark/delete_bookmark_by_id.go:33.2,33.12 1 0
github.com/vukieuhaihoa/bookmark-service/internal/app/repository/bookmark/get_bookmark_by_code_shorten_encoded.go:19.121,22.16 3 0
github.com/vukieuhaihoa/bookmark-service/internal/app/repository/bookmark/get_bookmark_by_code_shorten_encoded.go:22.16,24.3 1 0
github.com/vukieuhaihoa/bookmark-service/internal/app/repository/bookmark/get_bookmark_by_code_shorten_encoded.go:26.2,26.17 1 0
github.com/vukieuhaihoa/bookmark-service/internal/app/repository/bookmark/list_bookmarks.go:24.134,29.41 3 0
github.com/vukieuhaihoa/bookmark-service/internal/app/repository/bookmark/list_bookmarks.go:29.41,31.3 1 0
github.com/vukieuhaihoa/bookmark-service/internal/app/repository/bookmark/list_bookmarks.go:33.2,33.55 1 0
github.com/vukieuhaihoa/bookmark-service/internal/app/repository/bookmark/list_bookmarks.go:33.55,35.3 1 0
github.com/vukieuhaihoa/bookmark-service/internal/app/repository/bookmark/list_bookmarks.go:37.2,37.108 1 0
github.com/vukieuhaihoa/bookmark-service/internal/app/repository/bookmark/list_bookmarks.go:37.108,39.3 1 0
github.com/vukieuhaihoa/bookmark-service/internal/app/repository/bookmark/list_bookmarks.go:41.2,41.23 1 0
github.com/vukieuhaihoa/bookmark-service/internal/app/repository/bookmark/repo.go:80.52,84.2 1 0
github.com/vukieuhaihoa/bookmark-service/internal/app/repository/bookmark/update_bookmark_by_id.go:21.128,23.25 2 0
github.com/vukieuhaihoa/bookmark-service/internal/app/repository/bookmark/update_bookmark_by_id.go:23.25,25.3 1 0
github.com/vukieuhaihoa/bookmark-service/internal/app/repository/bookmark/update_bookmark_by_id.go:27.2,27.30 1 0
github.com/vukieuhaihoa/bookmark-service/internal/app/repository/bookmark/update_bookmark_by_id.go:27.30,29.3 1 0
github.com/vukieuhaihoa/bookmark-service/internal/app/repository/bookmark/update_bookmark_by_id.go:31.2,31.12 1 0
github.com/vukieuhaihoa/bookmark-service/internal/app/repository/cache/del.go:13.80,15.2 1 0
github.com/vukieuhaihoa/bookmark-service/internal/app/repository/cache/get.go:15.95,17.16 2 0
github.com/vukieuhaihoa/bookmark-service/internal/app/repository/cache/get.go:17.16,19.3 1 0
github.com/vukieuhaihoa/bookmark-service/internal/app/repository/cache/get.go:21.2,21.20 1 0
github.com/vukieuhaihoa/bookmark-service/internal/app/repository/cache/redis.go:16.45,20.2 1 0
github.com/vukieuhaihoa/bookmark-service/internal/app/repository/cache/set.go:19.123,21.16 2 0
github.com/vukieuhaihoa/bookmark-service/internal/app/repository/cache/set.go:21.16,23.3 1 0
github.com/vukieuhaihoa/bookmark-service/internal/app/repository/cache/set.go:25.2,25.51 1 0
github.com/vukieuhaihoa/bookmark-service/internal/app/repository/healthcheck/db_ping.go:12.64,14.16 2 0
github.com/vukieuhaihoa/bookmark-service/internal/app/repository/healthcheck/db_ping.go:14.16,16.3 1 0
github.com/vukieuhaihoa/bookmark-service/internal/app/repository/healthcheck/db_ping.go:18.2,18.31 1 0
github.com/vukieuhaihoa/bookmark-service/internal/app/repository/healthcheck/redis_ping.go:12.67,14.2 1 0
github.com/vukieuhaihoa/bookmark-service/internal/app/repository/healthcheck/repo.go:51.82,56.2 1 0
github.com/vukieuhaihoa/bookmark-service/internal/app/repository/link/get_url.go:14.81,16.2 1 0
github.com/vukieuhaihoa/bookmark-service/internal/app/repository/link/repo.go:73.62,77.2 1 0
github.com/vukieuhaihoa/bookmark-service/internal/app/repository/link/store_url.go:18.94,19.19 1 0
github.com/vukieuhaihoa/bookmark-service/internal/app/repository/link/store_url.go:19.19,21.3 1 0
github.com/vukieuhaihoa/bookmark-service/internal/app/repository/link/store_url.go:22.2,22.85 1 0
github.com/vukieuhaihoa/bookmark-service/internal/app/repository/link/store_url_if_absent.go:20.110,21.19 1 0
github.com/vukieuhaihoa/bookmark-service/internal/app/repository/link/store_url_if_absent.go:21.19,23.3 1 0
github.com/vukieuhaihoa/bookmark-service/internal/app/repository/link/store_url_if_absent.go:24.2,24.90 1 0
github.com/vukieuhaihoa/bookmark-service/internal/app/repository/queue/push_message.go:11.77,13.2 1 0
github.com/vukieuhaihoa/bookmark-service/internal/app/repository/queue/redis.go:17.66,22.2 1 0
github.com/vukieuhaihoa/bookmark-service/internal/app/service/bookmark/cache_create_bookmark.go:23.130,25.16 2 0
github.com/vukieuhaihoa/bookmark-service/internal/app/service/bookmark/cache_create_bookmark.go:25.16,27.3 1 0
github.com/vukieuhaihoa/bookmark-service/internal/app/service/bookmark/cache_create_bookmark.go:29.2,29.60 1 0
github.com/vukieuhaihoa/bookmark-service/internal/app/service/bookmark/cache_delete_bookmark_by_id.go:19.101,21.16 2 0
github.com/vukieuhaihoa/bookmark-service/internal/app/service/bookmark/cache_delete_bookmark_by_id.go:21.16,23.3 1 0
github.com/vukieuhaihoa/bookmark-service/internal/app/service/bookmark/cache_delete_bookmark_by_id.go:24.2,24.50 1 0
github.com/vukieuhaihoa/bookmark-service/internal/app/service/bookmark/cache_list_bookmarks.go:29.140,35.39 5 0
github.com/vukieuhaihoa/bookmark-service/internal/app/service/bookmark/cache_list_bookmarks.go:35.39,37.17 2 0
github.com/vukieuhaihoa/bookmark-service/internal/app/service/bookmark/cache_list_bookmarks.go:37.17,40.4 2 0
github.com/vukieuhaihoa/bookmark-service/internal/app/service/bookmark/cache_list_bookmarks.go:43.2,44.16 2 0
github.com/vukieuhaihoa/bookmark-service/internal/app/service/bookmark/cache_list_bookmarks.go:44.16,46.3 1 0
github.com/vukieuhaihoa/bookmark-service/internal/app/service/bookmark/cache_list_bookmarks.go:48.2,52.16 2 0
github.com/vukieuhaihoa/bookmark-service/internal/app/service/bookmark/cache_list_bookmarks.go:52.16,54.22 2 0
github.com/vukieuhaihoa/bookmark-service/internal/app/service/bookmark/cache_list_bookmarks.go:54.22,56.4 1 0
github.com/vukieuhaihoa/bookmark-service/internal/app/service/bookmark/cache_list_bookmarks.go:59.2,59.23 1 0
github.com/vukieuhaihoa/bookmark-service/internal/app/service/bookmark/cache_list_bookmarks.go:62.73,64.36 2 0
github.com/vukieuhaihoa/bookmark-service/internal/app/service/bookmark/cache_list_bookmarks.go:64.36,69.3 4 0
github.com/vukieuhaihoa/bookmark-service/internal/app/service/bookmark/cache_list_bookmarks.go:71.2,71.93 1 0
github.com/vukieuhaihoa/bookmark-service/internal/app/service/bookmark/cache_service.go:28.71,33.2 1 0
github.com/vukieuhaihoa/bookmark-service/internal/app/service/bookmark/cache_update_bookmark_by_id.go:21.134,23.16 2 0
github.com/vukieuhaihoa/bookmark-service/internal/app/service/bookmark/cache_update_bookmark_by_id.go:23.16,25.3 1 0
github.com/vukieuhaihoa/bookmark-service/internal/app/service/bookmark/cache_update_bookmark_by_id.go:26.2,26.67 1 0
github.com/vukieuhaihoa/bookmark-service/internal/app/service/bookmark/create_bookmark.go:19.121,27.16 3 0
github.com/vukieuhaihoa/bookmark-service/internal/app/service/bookmark/create_bookmark.go:27.16,29.3 1 0
github.com/vukieuhaihoa/bookmark-service/internal/app/service/bookmark/create_bookmark.go:31.2,31.29 1 0
github.com/vukieuhaihoa/bookmark-service/internal/app/service/bookmark/delete_bookmark_by_id.go:16.92,18.2 1 0
github.com/vukieuhaihoa/bookmark-service/internal/app/service/bookmark/list_bookmarks.go:20.131,22.2 1 0
github.com/vukieuhaihoa/bookmark-service/internal/app/service/bookmark/service.go:74.59,78.2 1 0
github.com/vukieuhaihoa/bookmark-service/internal/app/service/bookmark/update_bookmark_by_id.go:20.125,22.2 1 0
github.com/vukieuhaihoa/bookmark-service/internal/app/service/healthcheck/check.go:16.89,17.57 1 0
github.com/vukieuhaihoa/bookmark-service/internal/app/service/healthcheck/check.go:17.57,19.3 1 0
github.com/vukieuhaihoa/bookmark-service/internal/app/service/healthcheck/check.go:21.2,21.54 1 0
github.com/vukieuhaihoa/bookmark-service/internal/app/service/healthcheck/check.go:21.54,23.3 1 0
github.com/vukieuhaihoa/bookmark-service/internal/app/service/healthcheck/check.go:25.2,25.51 1 0
github.com/vukieuhaihoa/bookmark-service/internal/app/service/healthcheck/service.go:53.108,59.2 1 0
github.com/vukieuhaihoa/bookmark-service/internal/app/service/link/get_url.go:21.83,22.9 1 0
github.com/vukieuhaihoa/bookmark-service/internal/app/service/link/get_url.go:23.102,25.32 2 0
github.com/vukieuhaihoa/bookmark-service/internal/app/service/link/get_url.go:25.32,27.4 1 0
github.com/vukieuhaihoa/bookmark-service/internal/app/service/link/get_url.go:29.3,29.18 1 0
github.com/vukieuhaihoa/bookmark-service/internal/app/service/link/get_url.go:30.63,32.17 2 0
github.com/vukieuhaihoa/bookmark-service/internal/app/service/link/get_url.go:32.17,34.4 1 0
github.com/vukieuhaihoa/bookmark-service/internal/app/service/link/get_url.go:35.3,35.27 1 0
github.com/vukieuhaihoa/bookmark-service/internal/app/service/link/get_url.go:36.10,37.29 1 0
github.com/vukieuhaihoa/bookmark-service/internal/app/service/link/service.go:71.120,77.2 1 0
github.com/vukieuhaihoa/bookmark-service/internal/app/service/link/shorten_url.go:20.105,21.59 1 0
github.com/vukieuhaihoa/bookmark-service/internal/app/service/link/shorten_url.go:21.59,23.17 2 0
github.com/vukieuhaihoa/bookmark-service/internal/app/service/link/shorten_url.go:23.17,25.4 1 0
github.com/vukieuhaihoa/bookmark-service/internal/app/service/link/shorten_url.go:27.3,30.17 3 0
github.com/vukieuhaihoa/bookmark-service/internal/app/service/link/shorten_url.go:30.17,32.4 1 0
github.com/vukieuhaihoa/bookmark-service/internal/app/service/link/shorten_url.go:33.3,33.13 1 0
github.com/vukieuhaihoa/bookmark-service/internal/app/service/link/shorten_url.go:33.13,35.4 1 0
github.com/vukieuhaihoa/bookmark-service/internal/app/service/link/shorten_url.go:39.2,39.34 1 0
github.com/vukieuhaihoa/bookmark-service/internal/app/service/queue/send_import_bookmark_job.go:34.119,36.32 2 0
github.com/vukieuhaihoa/bookmark-service/internal/app/service/queue/send_import_bookmark_job.go:36.32,37.52 1 0
github.com/vukieuhaihoa/bookmark-service/internal/app/service/queue/send_import_bookmark_job.go:37.52,39.4 1 0
github.com/vukieuhaihoa/bookmark-service/internal/app/service/queue/send_import_bookmark_job.go:41.2,41.12 1 0
github.com/vukieuhaihoa/bookmark-service/internal/app/service/queue/send_import_bookmark_job.go:51.105,58.16 3 0
github.com/vukieuhaihoa/bookmark-service/internal/app/service/queue/send_import_bookmark_job.go:58.16,60.3 1 0
github.com/vukieuhaihoa/bookmark-service/internal/app/service/queue/send_import_bookmark_job.go:62.2,62.46 1 0
github.com/vukieuhaihoa/bookmark-service/internal/app/service/queue/service.go:33.53,37.2 1 0
github.com/vukieuhaihoa/bookmark-service/internal/api/api.go:107.35,123.2 4 0
github.com/vukieuhaihoa/bookmark-service/internal/api/api.go:130.29,132.2 1 0
github.com/vukieuhaihoa/bookmark-service/internal/api/api.go:140.65,142.2 1 0
github.com/vukieuhaihoa/bookmark-service/internal/api/api.go:147.32,162.2 8 0
github.com/vukieuhaihoa/bookmark-service/internal/api/api.go:162.2,170.3 2 0
github.com/vukieuhaihoa/bookmark-service/internal/api/api.go:172.2,175.2 4 0
github.com/vukieuhaihoa/bookmark-service/internal/api/api.go:175.2,183.3 5 0
github.com/vukieuhaihoa/bookmark-service/internal/api/api.go:194.37,195.36 1 0
github.com/vukieuhaihoa/bookmark-service/internal/api/api.go:195.36,202.73 4 0
github.com/vukieuhaihoa/bookmark-service/internal/api/api.go:202.73,204.4 1 0
github.com/vukieuhaihoa/bookmark-service/internal/api/api.go:206.2,206.23 1 0
github.com/vukieuhaihoa/bookmark-service/internal/api/api.go:217.44,240.2 14 0
github.com/vukieuhaihoa/bookmark-service/internal/api/api.go:249.50,259.2 4 0
github.com/vukieuhaihoa/bookmark-service/internal/app/handler/bookmark/create_bookmark.go:40.58,43.48 2 5
github.com/vukieuhaihoa/bookmark-service/internal/app/handler/bookmark/create_bookmark.go:43.48,46.3 2 1
github.com/vukieuhaihoa/bookmark-service/internal/app/handler/bookmark/create_bookmark.go:48.2,49.16 2 4
github.com/vukieuhaihoa/bookmark-service/internal/app/handler/bookmark/create_bookmark.go:49.16,52.3 2 1
github.com/vukieuhaihoa/bookmark-service/internal/app/handler/bookmark/create_bookmark.go:54.2,55.9 2 3
github.com/vukieuhaihoa/bookmark-service/internal/app/handler/bookmark/create_bookmark.go:56.50,58.9 2 0
github.com/vukieuhaihoa/bookmark-service/internal/app/handler/bookmark/create_bookmark.go:59.49,61.9 2 1
github.com/vukieuhaihoa/bookmark-service/internal/app/handler/bookmark/create_bookmark.go:62.27,62.27 0 1
github.com/vukieuhaihoa/bookmark-service/internal/app/handler/bookmark/create_bookmark.go:63.10,69.9 3 1
github.com/vukieuhaihoa/bookmark-service/internal/app/handler/bookmark/create_bookmark.go:73.2,76.4 1 1
github.com/vukieuhaihoa/bookmark-service/internal/app/handler/bookmark/delete_bookmark_by_id.go:27.62,29.22 2 6
github.com/vukieuhaihoa/bookmark-service/internal/app/handler/bookmark/delete_bookmark_by_id.go:29.22,34.3 2 1
github.com/vukieuhaihoa/bookmark-service/internal/app/handler/bookmark/delete_bookmark_by_id.go:36.2,37.16 2 5
github.com/vukieuhaihoa/bookmark-service/internal/app/handler/bookmark/delete_bookmark_by_id.go:37.16,40.3 2 1
github.com/vukieuhaihoa/bookmark-service/internal/app/handler/bookmark/delete_bookmark_by_id.go:42.2,43.9 2 4
github.com/vukieuhaihoa/bookmark-service/internal/app/handler/bookmark/delete_bookmark_by_id.go:44.53,46.9 2 2
github.com/vukieuhaihoa/bookmark-service/internal/app/handler/bookmark/delete_bookmark_by_id.go:47.18,47.18 0 1
github.com/vukieuhaihoa/bookmark-service/internal/app/handler/bookmark/delete_bookmark_by_id.go:48.10,51.9 3 1
github.com/vukieuhaihoa/bookmark-service/internal/app/handler/bookmark/delete_bookmark_by_id.go:54.2,56.4 1 1
github.com/vukieuhaihoa/bookmark-service/internal/app/handler/bookmark/handler.go:38.110,44.2 1 18
github.com/vukieuhaihoa/bookmark-service/internal/app/handler/bookmark/import_bookmarks.go:29.59,32.16 2 5
github.com/vukieuhaihoa/bookmark-service/internal/app/handler/bookmark/import_bookmarks.go:32.16,36.3 3 1
github.com/vukieuhaihoa/bookmark-service/internal/app/handler/bookmark/import_bookmarks.go:39.2,40.16 2 4
github.com/vukieuhaihoa/bookmark-service/internal/app/handler/bookmark/import_bookmarks.go:40.16,45.3 2 0
github.com/vukieuhaihoa/bookmark-service/internal/app/handler/bookmark/import_bookmarks.go:48.2,48.34 1 4
github.com/vukieuhaihoa/bookmark-service/internal/app/handler/bookmark/import_bookmarks.go:48.34,53.3 2 0
github.com/vukieuhaihoa/bookmark-service/internal/app/handler/bookmark/import_bookmarks.go:56.2,58.16 3 4
github.com/vukieuhaihoa/bookmark-service/internal/app/handler/bookmark/import_bookmarks.go:58.16,64.3 3 1
github.com/vukieuhaihoa/bookmark-service/internal/app/handler/bookmark/import_bookmarks.go:65.2,66.16 2 3
github.com/vukieuhaihoa/bookmark-service/internal/app/handler/bookmark/import_bookmarks.go:66.16,70.3 3 1
github.com/vukieuhaihoa/bookmark-service/internal/app/handler/bookmark/import_bookmarks.go:72.2,73.16 2 2
github.com/vukieuhaihoa/bookmark-service/internal/app/handler/bookmark/import_bookmarks.go:73.16,79.3 3 1
github.com/vukieuhaihoa/bookmark-service/internal/app/handler/bookmark/import_bookmarks.go:81.2,83.4 1 1
github.com/vukieuhaihoa/bookmark-service/internal/app/handler/bookmark/list_bookmarks.go:46.57,48.49 2 5
github.com/vukieuhaihoa/bookmark-service/internal/app/handler/bookmark/list_bookmarks.go:48.49,51.3 2 1
github.com/vukieuhaihoa/bookmark-service/internal/app/handler/bookmark/list_bookmarks.go:53.2,54.16 2 4
github.com/vukieuhaihoa/bookmark-service/internal/app/handler/bookmark/list_bookmarks.go:54.16,57.3 2 1
github.com/vukieuhaihoa/bookmark-service/internal/app/handler/bookmark/list_bookmarks.go:59.2,60.16 2 3
github.com/vukieuhaihoa/bookmark-service/internal/app/handler/bookmark/list_bookmarks.go:60.16,63.3 2 1
github.com/vukieuhaihoa/bookmark-service/internal/app/handler/bookmark/list_bookmarks.go:65.2,68.9 3 2
github.com/vukieuhaihoa/bookmark-service/internal/app/handler/bookmark/list_bookmarks.go:69.51,71.9 2 0
github.com/vukieuhaihoa/bookmark-service/internal/app/handler/bookmark/list_bookmarks.go:72.27,72.27 0 1
github.com/vukieuhaihoa/bookmark-service/internal/app/handler/bookmark/list_bookmarks.go:73.10,79.9 3 1
github.com/vukieuhaihoa/bookmark-service/internal/app/handler/bookmark/list_bookmarks.go:82.2,85.4 1 1
github.com/vukieuhaihoa/bookmark-service/internal/app/handler/bookmark/update_bookmark_by_id.go:35.62,37.48 2 7
github.com/vukieuhaihoa/bookmark-service/internal/app/handler/bookmark/update_bookmark_by_id.go:37.48,40.3 2 1
github.com/vukieuhaihoa/bookmark-service/internal/app/handler/bookmark/update_bookmark_by_id.go:42.2,43.22 2 6
github.com/vukieuhaihoa/bookmark-service/internal/app/handler/bookmark/update_bookmark_by_id.go:43.22,48.3 2 1
github.com/vukieuhaihoa/bookmark-service/internal/app/handler/bookmark/update_bookmark_by_id.go:50.2,51.16 2 5
github.com/vukieuhaihoa/bookmark-service/internal/app/handler/bookmark/update_bookmark_by_id.go:51.16,54.3 2 1
github.com/vukieuhaihoa/bookmark-service/internal/app/handler/bookmark/update_bookmark_by_id.go:56.2,62.9 3 4
github.com/vukieuhaihoa/bookmark-service/internal/app/handler/bookmark/update_bookmark_by_id.go:63.53,65.9 2 2
github.com/vukieuhaihoa/bookmark-service/internal/app/handler/bookmark/update_bookmark_by_id.go:66.18,66.18 0 1
github.com/vukieuhaihoa/bookmark-service/internal/app/handler/bookmark/update_bookmark_by_id.go:67.10,73.9 3 1
github.com/vukieuhaihoa/bookmark-service/internal/app/handler/bookmark/update_bookmark_by_id.go:76.2,78.4 1 1
github.com/vukieuhaihoa/bookmark-service/internal/app/handler/healthcheck/check.go:33.52,35.16 2 0
github.com/vukieuhaihoa/bookmark-service/internal/app/handler/healthcheck/check.go:35.16,43.3 3 0
github.com/vukieuhaihoa/bookmark-service/internal/app/handler/healthcheck/check.go:44.2,48.4 1 0
github.com/vukieuhaihoa/bookmark-service/internal/app/handler/healthcheck/handler.go:37.61,39.2 1 0
github.com/vukieuhaihoa/bookmark-service/internal/app/handler/link/get_url.go:29.46,31.16 2 0
github.com/vukieuhaihoa/bookmark-service/internal/app/handler/link/get_url.go:31.16,36.3 2 0
github.com/vukieuhaihoa/bookmark-service/internal/app/handler/link/get_url.go:38.2,40.9 2 0
github.com/vukieuhaihoa/bookmark-service/internal/app/handler/link/get_url.go:41.96,45.9 2 0
github.com/vukieuhaihoa/bookmark-service/internal/app/handler/link/get_url.go:46.18,46.18 0 0
github.com/vukieuhaihoa/bookmark-service/internal/app/handler/link/get_url.go:47.10,52.9 3 0
github.com/vukieuhaihoa/bookmark-service/internal/app/handler/link/get_url.go:55.2,55.35 1 0
github.com/vukieuhaihoa/bookmark-service/internal/app/handler/link/handler.go:48.51,52.2 1 0
github.com/vukieuhaihoa/bookmark-service/internal/app/handler/link/shorten_url.go:36.50,40.58 3 0
github.com/vukieuhaihoa/bookmark-service/internal/app/handler/link/shorten_url.go:40.58,45.3 2 0
github.com/vukieuhaihoa/bookmark-service/internal/app/handler/link/shorten_url.go:47.2,48.16 2 0
github.com/vukieuhaihoa/bookmark-service/internal/app/handler/link/shorten_url.go:48.16,54.3 3 0
github.com/vukieuhaihoa/bookmark-service/internal/app/handler/link/shorten_url.go:56.2,59.4 1 0
github.com/vukieuhaihoa/bookmark-service/internal/app/model/base.go:27.54,28.16 1 0
github.com/vukieuhaihoa/bookmark-service/internal/app/model/base.go:28.16,30.3 1 0
github.com/vukieuhaihoa/bookmark-service/internal/app/model/base.go:31.2,31.12 1 0
github.com/vukieuhaihoa/bookmark-service/internal/app/repository/bookmark/create_bookmark.go:23.117,24.67 1 0
github.com/vukieuhaihoa/bookmark-service/internal/app/repository/bookmark/create_bookmark.go:24.67,26.78 1 0
github.com/vukieuhaihoa/bookmark-service/internal/app/repository/bookmark/create_bookmark.go:26.78,28.4 1 0
github.com/vukieuhaihoa/bookmark-service/internal/app/repository/bookmark/create_bookmark.go:30.3,31.17 2 0
github.com/vukieuhaihoa/bookmark-service/internal/app/repository/bookmark/create_bookmark.go:31.17,33.4 1 0
github.com/vukieuhaihoa/bookmark-service/internal/app/repository/bookmark/create_bookmark.go:35.3,37.49 2 0
github.com/vukieuhaihoa/bookmark-service/internal/app/repository/bookmark/create_bookmark.go:37.49,39.4 1 0
github.com/vukieuhaihoa/bookmark-service/internal/app/repository/bookmark/create_bookmark.go:41.3,41.13 1 0
github.com/vukieuhaihoa/bookmark-service/internal/app/repository/bookmark/create_bookmark.go:44.2,44.16 1 0
github.com/vukieuhaihoa/bookmark-service/internal/app/repository/bookmark/create_bookmark.go:44.16,46.3 1 0
github.com/vukieuhaihoa/bookmark-service/internal/app/repository/bookmark/create_bookmark.go:48.2,48.22 1 0
github.com/vukieuhaihoa/bookmark-service/internal/app/repository/bookmark/delete_bookmark_by_id.go:21.95,23.25 2 0
github.com/vukieuhaihoa/bookmark-service/internal/app/repository/bookmark/delete_bookmark_by_id.go:23.25,26.3 1 0
github.com/vukieuhaihoa/bookmark-service/internal/app/repository/bookmark/delete_bookmark_by_id.go:28.2,28.30 1 0
github.com/vukieuhaihoa/bookmark-service/internal/app/repository/bookmark/delete_bookmark_by_id.go:28.30,31.3 1 0
github.com/vukieuhaihoa/bookmark-service/internal/app/repository/bookmark/delete_bookmark_by_id.go:33.2,33.12 1 0
github.com/vukieuhaihoa/bookmark-service/internal/app/repository/bookmark/get_bookmark_by_code_shorten_encoded.go:19.121,22.16 3 0
github.com/vukieuhaihoa/bookmark-service/internal/app/repository/bookmark/get_bookmark_by_code_shorten_encoded.go:22.16,24.3 1 0
github.com/vukieuhaihoa/bookmark-service/internal/app/repository/bookmark/get_bookmark_by_code_shorten_encoded.go:26.2,26.17 1 0
github.com/vukieuhaihoa/bookmark-service/internal/app/repository/bookmark/list_bookmarks.go:24.134,29.41 3 0
github.com/vukieuhaihoa/bookmark-service/internal/app/repository/bookmark/list_bookmarks.go:29.41,31.3 1 0
github.com/vukieuhaihoa/bookmark-service/internal/app/repository/bookmark/list_bookmarks.go:33.2,33.55 1 0
github.com/vukieuhaihoa/bookmark-service/internal/app/repository/bookmark/list_bookmarks.go:33.55,35.3 1 0
github.com/vukieuhaihoa/bookmark-service/internal/app/repository/bookmark/list_bookmarks.go:37.2,37.108 1 0
github.com/vukieuhaihoa/bookmark-service/internal/app/repository/bookmark/list_bookmarks.go:37.108,39.3 1 0
github.com/vukieuhaihoa/bookmark-service/internal/app/repository/bookmark/list_bookmarks.go:41.2,41.23 1 0
github.com/vukieuhaihoa/bookmark-service/internal/app/repository/bookmark/repo.go:80.52,84.2 1 0
github.com/vukieuhaihoa/bookmark-service/internal/app/repository/bookmark/update_bookmark_by_id.go:21.128,23.25 2 0
github.com/vukieuhaihoa/bookmark-service/internal/app/repository/bookmark/update_bookmark_by_id.go:23.25,25.3 1 0
github.com/vukieuhaihoa/bookmark-service/internal/app/repository/bookmark/update_bookmark_by_id.go:27.2,27.30 1 0
github.com/vukieuhaihoa/bookmark-service/internal/app/repository/bookmark/update_bookmark_by_id.go:27.30,29.3 1 0
github.com/vukieuhaihoa/bookmark-service/internal/app/repository/bookmark/update_bookmark_by_id.go:31.2,31.12 1 0
github.com/vukieuhaihoa/bookmark-service/internal/app/repository/cache/del.go:13.80,15.2 1 0
github.com/vukieuhaihoa/bookmark-service/internal/app/repository/cache/get.go:15.95,17.16 2 0
github.com/vukieuhaihoa/bookmark-service/internal/app/repository/cache/get.go:17.16,19.3 1 0
github.com/vukieuhaihoa/bookmark-service/internal/app/repository/cache/get.go:21.2,21.20 1 0
github.com/vukieuhaihoa/bookmark-service/internal/app/repository/cache/redis.go:16.45,20.2 1 0
github.com/vukieuhaihoa/bookmark-service/internal/app/repository/cache/set.go:19.123,21.16 2 0
github.com/vukieuhaihoa/bookmark-service/internal/app/repository/cache/set.go:21.16,23.3 1 0
github.com/vukieuhaihoa/bookmark-service/internal/app/repository/cache/set.go:25.2,25.51 1 0
github.com/vukieuhaihoa/bookmark-service/internal/app/repository/healthcheck/db_ping.go:12.64,14.16 2 0
github.com/vukieuhaihoa/bookmark-service/internal/app/repository/healthcheck/db_ping.go:14.16,16.3 1 0
github.com/vukieuhaihoa/bookmark-service/internal/app/repository/healthcheck/db_ping.go:18.2,18.31 1 0
github.com/vukieuhaihoa/bookmark-service/internal/app/repository/healthcheck/redis_ping.go:12.67,14.2 1 0
github.com/vukieuhaihoa/bookmark-service/internal/app/repository/healthcheck/repo.go:51.82,56.2 1 0
github.com/vukieuhaihoa/bookmark-service/internal/app/repository/link/get_url.go:14.81,16.2 1 0
github.com/vukieuhaihoa/bookmark-service/internal/app/repository/link/repo.go:73.62,77.2 1 0
github.com/vukieuhaihoa/bookmark-service/internal/app/repository/link/store_url.go:18.94,19.19 1 0
github.com/vukieuhaihoa/bookmark-service/internal/app/repository/link/store_url.go:19.19,21.3 1 0
github.com/vukieuhaihoa/bookmark-service/internal/app/repository/link/store_url.go:22.2,22.85 1 0
github.com/vukieuhaihoa/bookmark-service/internal/app/repository/link/store_url_if_absent.go:20.110,21.19 1 0
github.com/vukieuhaihoa/bookmark-service/internal/app/repository/link/store_url_if_absent.go:21.19,23.3 1 0
github.com/vukieuhaihoa/bookmark-service/internal/app/repository/link/store_url_if_absent.go:24.2,24.90 1 0
github.com/vukieuhaihoa/bookmark-service/internal/app/repository/queue/push_message.go:11.77,13.2 1 0
github.com/vukieuhaihoa/bookmark-service/internal/app/repository/queue/redis.go:17.66,22.2 1 0
github.com/vukieuhaihoa/bookmark-service/internal/app/service/bookmark/cache_create_bookmark.go:23.130,25.16 2 0
github.com/vukieuhaihoa/bookmark-service/internal/app/service/bookmark/cache_create_bookmark.go:25.16,27.3 1 0
github.com/vukieuhaihoa/bookmark-service/internal/app/service/bookmark/cache_create_bookmark.go:29.2,29.60 1 0
github.com/vukieuhaihoa/bookmark-service/internal/app/service/bookmark/cache_delete_bookmark_by_id.go:19.101,21.16 2 0
github.com/vukieuhaihoa/bookmark-service/internal/app/service/bookmark/cache_delete_bookmark_by_id.go:21.16,23.3 1 0
github.com/vukieuhaihoa/bookmark-service/internal/app/service/bookmark/cache_delete_bookmark_by_id.go:24.2,24.50 1 0
github.com/vukieuhaihoa/bookmark-service/internal/app/service/bookmark/cache_list_bookmarks.go:29.140,35.39 5 0
github.com/vukieuhaihoa/bookmark-service/internal/app/service/bookmark/cache_list_bookmarks.go:35.39,37.17 2 0
github.com/vukieuhaihoa/bookmark-service/internal/app/service/bookmark/cache_list_bookmarks.go:37.17,40.4 2 0
github.com/vukieuhaihoa/bookmark-service/internal/app/service/bookmark/cache_list_bookmarks.go:43.2,44.16 2 0
github.com/vukieuhaihoa/bookmark-service/internal/app/service/bookmark/cache_list_bookmarks.go:44.16,46.3 1 0
github.com/vukieuhaihoa/bookmark-service/internal/app/service/bookmark/cache_list_bookmarks.go:48.2,52.16 2 0
github.com/vukieuhaihoa/bookmark-service/internal/app/service/bookmark/cache_list_bookmarks.go:52.16,54.22 2 0
github.com/vukieuhaihoa/bookmark-service/internal/app/service/bookmark/cache_list_bookmarks.go:54.22,56.4 1 0
github.com/vukieuhaihoa/bookmark-service/internal/app/service/bookmark/cache_list_bookmarks.go:59.2,59.23 1 0
github.com/vukieuhaihoa/bookmark-service/internal/app/service/bookmark/cache_list_bookmarks.go:62.73,64.36 2 0
github.com/vukieuhaihoa/bookmark-service/internal/app/service/bookmark/cache_list_bookmarks.go:64.36,69.3 4 0
github.com/vukieuhaihoa/bookmark-service/internal/app/service/bookmark/cache_list_bookmarks.go:71.2,71.93 1 0
github.com/vukieuhaihoa/bookmark-service/internal/app/service/bookmark/cache_service.go:28.71,33.2 1 0
github.com/vukieuhaihoa/bookmark-service/internal/app/service/bookmark/cache_update_bookmark_by_id.go:21.134,23.16 2 0
github.com/vukieuhaihoa/bookmark-service/internal/app/service/bookmark/cache_update_bookmark_by_id.go:23.16,25.3 1 0
github.com/vukieuhaihoa/bookmark-service/internal/app/service/bookmark/cache_update_bookmark_by_id.go:26.2,26.67 1 0
github.com/vukieuhaihoa/bookmark-service/internal/app/service/bookmark/create_bookmark.go:19.121,27.16 3 0
github.com/vukieuhaihoa/bookmark-service/internal/app/service/bookmark/create_bookmark.go:27.16,29.3 1 0
github.com/vukieuhaihoa/bookmark-service/internal/app/service/bookmark/create_bookmark.go:31.2,31.29 1 0
github.com/vukieuhaihoa/bookmark-service/internal/app/service/bookmark/delete_bookmark_by_id.go:16.92,18.2 1 0
github.com/vukieuhaihoa/bookmark-service/internal/app/service/bookmark/list_bookmarks.go:20.131,22.2 1 0
github.com/vukieuhaihoa/bookmark-service/internal/app/service/bookmark/service.go:74.59,78.2 1 0
github.com/vukieuhaihoa/bookmark-service/internal/app/service/bookmark/update_bookmark_by_id.go:20.125,22.2 1 0
github.com/vukieuhaihoa/bookmark-service/internal/app/service/healthcheck/check.go:16.89,17.57 1 0
github.com/vukieuhaihoa/bookmark-service/internal/app/service/healthcheck/check.go:17.57,19.3 1 0
github.com/vukieuhaihoa/bookmark-service/internal/app/service/healthcheck/check.go:21.2,21.54 1 0
github.com/vukieuhaihoa/bookmark-service/internal/app/service/healthcheck/check.go:21.54,23.3 1 0
github.com/vukieuhaihoa/bookmark-service/internal/app/service/healthcheck/check.go:25.2,25.51 1 0
github.com/vukieuhaihoa/bookmark-service/internal/app/service/healthcheck/service.go:53.108,59.2 1 0
github.com/vukieuhaihoa/bookmark-service/internal/app/service/link/get_url.go:21.83,22.9 1 0
github.com/vukieuhaihoa/bookmark-service/internal/app/service/link/get_url.go:23.102,25.32 2 0
github.com/vukieuhaihoa/bookmark-service/internal/app/service/link/get_url.go:25.32,27.4 1 0
github.com/vukieuhaihoa/bookmark-service/internal/app/service/link/get_url.go:29.3,29.18 1 0
github.com/vukieuhaihoa/bookmark-service/internal/app/service/link/get_url.go:30.63,32.17 2 0
github.com/vukieuhaihoa/bookmark-service/internal/app/service/link/get_url.go:32.17,34.4 1 0
github.com/vukieuhaihoa/bookmark-service/internal/app/service/link/get_url.go:35.3,35.27 1 0
github.com/vukieuhaihoa/bookmark-service/internal/app/service/link/get_url.go:36.10,37.29 1 0
github.com/vukieuhaihoa/bookmark-service/internal/app/service/link/service.go:71.120,77.2 1 0
github.com/vukieuhaihoa/bookmark-service/internal/app/service/link/shorten_url.go:20.105,21.59 1 0
github.com/vukieuhaihoa/bookmark-service/internal/app/service/link/shorten_url.go:21.59,23.17 2 0
github.com/vukieuhaihoa/bookmark-service/internal/app/service/link/shorten_url.go:23.17,25.4 1 0
github.com/vukieuhaihoa/bookmark-service/internal/app/service/link/shorten_url.go:27.3,30.17 3 0
github.com/vukieuhaihoa/bookmark-service/internal/app/service/link/shorten_url.go:30.17,32.4 1 0
github.com/vukieuhaihoa/bookmark-service/internal/app/service/link/shorten_url.go:33.3,33.13 1 0
github.com/vukieuhaihoa/bookmark-service/internal/app/service/link/shorten_url.go:33.13,35.4 1 0
github.com/vukieuhaihoa/bookmark-service/internal/app/service/link/shorten_url.go:39.2,39.34 1 0
github.com/vukieuhaihoa/bookmark-service/internal/app/service/queue/send_import_bookmark_job.go:34.119,36.32 2 0
github.com/vukieuhaihoa/bookmark-service/internal/app/service/queue/send_import_bookmark_job.go:36.32,37.52 1 0
github.com/vukieuhaihoa/bookmark-service/internal/app/service/queue/send_import_bookmark_job.go:37.52,39.4 1 0
github.com/vukieuhaihoa/bookmark-service/internal/app/service/queue/send_import_bookmark_job.go:41.2,41.12 1 0
github.com/vukieuhaihoa/bookmark-service/internal/app/service/queue/send_import_bookmark_job.go:51.105,58.16 3 0
github.com/vukieuhaihoa/bookmark-service/internal/app/service/queue/send_import_bookmark_job.go:58.16,60.3 1 0
github.com/vukieuhaihoa/bookmark-service/internal/app/service/queue/send_import_bookmark_job.go:62.2,62.46 1 0
github.com/vukieuhaihoa/bookmark-service/internal/app/service/queue/service.go:33.53,37.2 1 0
github.com/vukieuhaihoa/bookmark-service/internal/api/api.go:107.35,123.2 4 0
github.com/vukieuhaihoa/bookmark-service/internal/api/api.go:130.29,132.2 1 0
github.com/vukieuhaihoa/bookmark-service/internal/api/api.go:140.65,142.2 1 0
github.com/vukieuhaihoa/bookmark-service/internal/api/api.go:147.32,162.2 8 0
github.com/vukieuhaihoa/bookmark-service/internal/api/api.go:162.2,170.3 2 0
github.com/vukieuhaihoa/bookmark-service/internal/api/api.go:172.2,175.2 4 0
github.com/vukieuhaihoa/bookmark-service/internal/api/api.go:175.2,183.3 5 0
github.com/vukieuhaihoa/bookmark-service/internal/api/api.go:194.37,195.36 1 0
github.com/vukieuhaihoa/bookmark-service/internal/api/api.go:195.36,202.73 4 0
github.com/vukieuhaihoa/bookmark-service/internal/api/api.go:202.73,204.4 1 0
github.com/vukieuhaihoa/bookmark-service/internal/api/api.go:206.2,206.23 1 0
github.com/vukieuhaihoa/bookmark-service/internal/api/api.go:217.44,240.2 14 0
github.com/vukieuhaihoa/bookmark-service/internal/api/api.go:249.50,259.2 4 0
github.com/vukieuhaihoa/bookmark-service/internal/app/handler/bookmark/create_bookmark.go:40.58,43.48 2 0
github.com/vukieuhaihoa/bookmark-service/internal/app/handler/bookmark/create_bookmark.go:43.48,46.3 2 0
github.com/vukieuhaihoa/bookmark-service/internal/app/handler/bookmark/create_bookmark.go:48.2,49.16 2 0
github.com/vukieuhaihoa/bookmark-service/internal/app/handler/bookmark/create_bookmark.go:49.16,52.3 2 0
github.com/vukieuhaihoa/bookmark-service/internal/app/handler/bookmark/create_bookmark.go:54.2,55.9 2 0
github.com/vukieuhaihoa/bookmark-service/internal/app/handler/bookmark/create_bookmark.go:56.50,58.9 2 0
github.com/vukieuhaihoa/bookmark-service/internal/app/handler/bookmark/create_bookmark.go:59.49,61.9 2 0
github.com/vukieuhaihoa/bookmark-service/internal/app/handler/bookmark/create_bookmark.go:62.27,62.27 0 0
github.com/vukieuhaihoa/bookmark-service/internal/app/handler/bookmark/create_bookmark.go:63.10,69.9 3 0
github.com/vukieuhaihoa/bookmark-service/internal/app/handler/bookmark/create_bookmark.go:73.2,76.4 1 0
github.com/vukieuhaihoa/bookmark-service/internal/app/handler/bookmark/delete_bookmark_by_id.go:27.62,29.22 2 0
github.com/vukieuhaihoa/bookmark-service/internal/app/handler/bookmark/delete_bookmark_by_id.go:29.22,34.3 2 0
github.com/vukieuhaihoa/bookmark-service/internal/app/handler/bookmark/delete_bookmark_by_id.go:36.2,37.16 2 0
github.com/vukieuhaihoa/bookmark-service/internal/app/handler/bookmark/delete_bookmark_by_id.go:37.16,40.3 2 0
github.com/vukieuhaihoa/bookmark-service/internal/app/handler/bookmark/delete_bookmark_by_id.go:42.2,43.9 2 0
github.com/vukieuhaihoa/bookmark-service/internal/app/handler/bookmark/delete_bookmark_by_id.go:44.53,46.9 2 0
github.com/vukieuhaihoa/bookmark-service/internal/app/handler/bookmark/delete_bookmark_by_id.go:47.18,47.18 0 0
github.com/vukieuhaihoa/bookmark-service/internal/app/handler/bookmark/delete_bookmark_by_id.go:48.10,51.9 3 0
github.com/vukieuhaihoa/bookmark-service/internal/app/handler/bookmark/delete_bookmark_by_id.go:54.2,56.4 1 0
github.com/vukieuhaihoa/bookmark-service/internal/app/handler/bookmark/handler.go:38.110,44.2 1 0
github.com/vukieuhaihoa/bookmark-service/internal/app/handler/bookmark/import_bookmarks.go:29.59,32.16 2 0
github.com/vukieuhaihoa/bookmark-service/internal/app/handler/bookmark/import_bookmarks.go:32.16,36.3 3 0
github.com/vukieuhaihoa/bookmark-service/internal/app/handler/bookmark/import_bookmarks.go:39.2,40.16 2 0
github.com/vukieuhaihoa/bookmark-service/internal/app/handler/bookmark/import_bookmarks.go:40.16,45.3 2 0
github.com/vukieuhaihoa/bookmark-service/internal/app/handler/bookmark/import_bookmarks.go:48.2,48.34 1 0
github.com/vukieuhaihoa/bookmark-service/internal/app/handler/bookmark/import_bookmarks.go:48.34,53.3 2 0
github.com/vukieuhaihoa/bookmark-service/internal/app/handler/bookmark/import_bookmarks.go:56.2,58.16 3 0
github.com/vukieuhaihoa/bookmark-service/internal/app/handler/bookmark/import_bookmarks.go:58.16,64.3 3 0
github.com/vukieuhaihoa/bookmark-service/internal/app/handler/bookmark/import_bookmarks.go:65.2,66.16 2 0
github.com/vukieuhaihoa/bookmark-service/internal/app/handler/bookmark/import_bookmarks.go:66.16,70.3 3 0
github.com/vukieuhaihoa/bookmark-service/internal/app/handler/bookmark/import_bookmarks.go:72.2,73.16 2 0
github.com/vukieuhaihoa/bookmark-service/internal/app/handler/bookmark/import_bookmarks.go:73.16,79.3 3 0
github.com/vukieuhaihoa/bookmark-service/internal/app/handler/bookmark/import_bookmarks.go:81.2,83.4 1 0
github.com/vukieuhaihoa/bookmark-service/internal/app/handler/bookmark/list_bookmarks.go:46.57,48.49 2 0
github.com/vukieuhaihoa/bookmark-service/internal/app/handler/bookmark/list_bookmarks.go:48.49,51.3 2 0
github.com/vukieuhaihoa/bookmark-service/internal/app/handler/bookmark/list_bookmarks.go:53.2,54.16 2 0
github.com/vukieuhaihoa/bookmark-service/internal/app/handler/bookmark/list_bookmarks.go:54.16,57.3 2 0
github.com/vukieuhaihoa/bookmark-service/internal/app/handler/bookmark/list_bookmarks.go:59.2,60.16 2 0
github.com/vukieuhaihoa/bookmark-service/internal/app/handler/bookmark/list_bookmarks.go:60.16,63.3 2 0
github.com/vukieuhaihoa/bookmark-service/internal/app/handler/bookmark/list_bookmarks.go:65.2,68.9 3 0
github.com/vukieuhaihoa/bookmark-service/internal/app/handler/bookmark/list_bookmarks.go:69.51,71.9 2 0
github.com/vukieuhaihoa/bookmark-service/internal/app/handler/bookmark/list_bookmarks.go:72.27,72.27 0 0
github.com/vukieuhaihoa/bookmark-service/internal/app/handler/bookmark/list_bookmarks.go:73.10,79.9 3 0
github.com/vukieuhaihoa/bookmark-service/internal/app/handler/bookmark/list_bookmarks.go:82.2,85.4 1 0
github.com/vukieuhaihoa/bookmark-service/internal/app/handler/bookmark/update_bookmark_by_id.go:35.62,37.48 2 0
github.com/vukieuhaihoa/bookmark-service/internal/app/handler/bookmark/update_bookmark_by_id.go:37.48,40.3 2 0
github.com/vukieuhaihoa/bookmark-service/internal/app/handler/bookmark/update_bookmark_by_id.go:42.2,43.22 2 0
github.com/vukieuhaihoa/bookmark-service/internal/app/handler/bookmark/update_bookmark_by_id.go:43.22,48.3 2 0
github.com/vukieuhaihoa/bookmark-service/internal/app/handler/bookmark/update_bookmark_by_id.go:50.2,51.16 2 0
github.com/vukieuhaihoa/bookmark-service/internal/app/handler/bookmark/update_bookmark_by_id.go:51.16,54.3 2 0
github.com/vukieuhaihoa/bookmark-service/internal/app/handler/bookmark/update_bookmark_by_id.go:56.2,62.9 3 0
github.com/vukieuhaihoa/bookmark-service/internal/app/handler/bookmark/update_bookmark_by_id.go:63.53,65.9 2 0
github.com/vukieuhaihoa/bookmark-service/internal/app/handler/bookmark/update_bookmark_by_id.go:66.18,66.18 0 0
github.com/vukieuhaihoa/bookmark-service/internal/app/handler/bookmark/update_bookmark_by_id.go:67.10,73.9 3 0
github.com/vukieuhaihoa/bookmark-service/internal/app/handler/bookmark/update_bookmark_by_id.go:76.2,78.4 1 0
github.com/vukieuhaihoa/bookmark-service/internal/app/handler/healthcheck/check.go:33.52,35.16 2 2
github.com/vukieuhaihoa/bookmark-service/internal/app/handler/healthcheck/check.go:35.16,43.3 3 1
github.com/vukieuhaihoa/bookmark-service/internal/app/handler/healthcheck/check.go:44.2,48.4 1 1
github.com/vukieuhaihoa/bookmark-service/internal/app/handler/healthcheck/handler.go:37.61,39.2 1 0
github.com/vukieuhaihoa/bookmark-service/internal/app/handler/link/get_url.go:29.46,31.16 2 0
github.com/vukieuhaihoa/bookmark-service/internal/app/handler/link/get_url.go:31.16,36.3 2 0
github.com/vukieuhaihoa/bookmark-service/internal/app/handler/link/get_url.go:38.2,40.9 2 0
github.com/vukieuhaihoa/bookmark-service/internal/app/handler/link/get_url.go:41.96,45.9 2 0
github.com/vukieuhaihoa/bookmark-service/internal/app/handler/link/get_url.go:46.18,46.18 0 0
github.com/vukieuhaihoa/bookmark-service/internal/app/handler/link/get_url.go:47.10,52.9 3 0
github.com/vukieuhaihoa/bookmark-service/internal/app/handler/link/get_url.go:55.2,55.35 1 0
github.com/vukieuhaihoa/bookmark-service/internal/app/handler/link/handler.go:48.51,52.2 1 0
github.com/vukieuhaihoa/bookmark-service/internal/app/handler/link/shorten_url.go:36.50,40.58 3 0
github.com/vukieuhaihoa/bookmark-service/internal/app/handler/link/shorten_url.go:40.58,45.3 2 0
github.com/vukieuhaihoa/bookmark-service/internal/app/handler/link/shorten_url.go:47.2,48.16 2 0
github.com/vukieuhaihoa/bookmark-service/internal/app/handler/link/shorten_url.go:48.16,54.3 3 0
github.com/vukieuhaihoa/bookmark-service/internal/app/handler/link/shorten_url.go:56.2,59.4 1 0
github.com/vukieuhaihoa/bookmark-service/internal/app/model/base.go:27.54,28.16 1 0
github.com/vukieuhaihoa/bookmark-service/internal/app/model/base.go:28.16,30.3 1 0
github.com/vukieuhaihoa/bookmark-service/internal/app/model/base.go:31.2,31.12 1 0
github.com/vukieuhaihoa/bookmark-service/internal/app/repository/bookmark/create_bookmark.go:23.117,24.67 1 0
github.com/vukieuhaihoa/bookmark-service/internal/app/repository/bookmark/create_bookmark.go:24.67,26.78 1 0
github.com/vukieuhaihoa/bookmark-service/internal/app/repository/bookmark/create_bookmark.go:26.78,28.4 1 0
github.com/vukieuhaihoa/bookmark-service/internal/app/repository/bookmark/create_bookmark.go:30.3,31.17 2 0
github.com/vukieuhaihoa/bookmark-service/internal/app/repository/bookmark/create_bookmark.go:31.17,33.4 1 0
github.com/vukieuhaihoa/bookmark-service/internal/app/repository/bookmark/create_bookmark.go:35.3,37.49 2 0
github.com/vukieuhaihoa/bookmark-service/internal/app/repository/bookmark/create_bookmark.go:37.49,39.4 1 0
github.com/vukieuhaihoa/bookmark-service/internal/app/repository/bookmark/create_bookmark.go:41.3,41.13 1 0
github.com/vukieuhaihoa/bookmark-service/internal/app/repository/bookmark/create_bookmark.go:44.2,44.16 1 0
github.com/vukieuhaihoa/bookmark-service/internal/app/repository/bookmark/create_bookmark.go:44.16,46.3 1 0
github.com/vukieuhaihoa/bookmark-service/internal/app/repository/bookmark/create_bookmark.go:48.2,48.22 1 0
github.com/vukieuhaihoa/bookmark-service/internal/app/repository/bookmark/delete_bookmark_by_id.go:21.95,23.25 2 0
github.com/vukieuhaihoa/bookmark-service/internal/app/repository/bookmark/delete_bookmark_by_id.go:23.25,26.3 1 0
github.com/vukieuhaihoa/bookmark-service/internal/app/repository/bookmark/delete_bookmark_by_id.go:28.2,28.30 1 0
github.com/vukieuhaihoa/bookmark-service/internal/app/repository/bookmark/delete_bookmark_by_id.go:28.30,31.3 1 0
github.com/vukieuhaihoa/bookmark-service/internal/app/repository/bookmark/delete_bookmark_by_id.go:33.2,33.12 1 0
github.com/vukieuhaihoa/bookmark-service/internal/app/repository/bookmark/get_bookmark_by_code_shorten_encoded.go:19.121,22.16 3 0
github.com/vukieuhaihoa/bookmark-service/internal/app/repository/bookmark/get_bookmark_by_code_shorten_encoded.go:22.16,24.3 1 0
github.com/vukieuhaihoa/bookmark-service/internal/app/repository/bookmark/get_bookmark_by_code_shorten_encoded.go:26.2,26.17 1 0
github.com/vukieuhaihoa/bookmark-service/internal/app/repository/bookmark/list_bookmarks.go:24.134,29.41 3 0
github.com/vukieuhaihoa/bookmark-service/internal/app/repository/bookmark/list_bookmarks.go:29.41,31.3 1 0
github.com/vukieuhaihoa/bookmark-service/internal/app/repository/bookmark/list_bookmarks.go:33.2,33.55 1 0
github.com/vukieuhaihoa/bookmark-service/internal/app/repository/bookmark/list_bookmarks.go:33.55,35.3 1 0
github.com/vukieuhaihoa/bookmark-service/internal/app/repository/bookmark/list_bookmarks.go:37.2,37.108 1 0
github.com/vukieuhaihoa/bookmark-service/internal/app/repository/bookmark/list_bookmarks.go:37.108,39.3 1 0
github.com/vukieuhaihoa/bookmark-service/internal/app/repository/bookmark/list_bookmarks.go:41.2,41.23 1 0
github.com/vukieuhaihoa/bookmark-service/internal/app/repository/bookmark/repo.go:80.52,84.2 1 0
github.com/vukieuhaihoa/bookmark-service/internal/app/repository/bookmark/update_bookmark_by_id.go:21.128,23.25 2 0
github.com/vukieuhaihoa/bookmark-service/internal/app/repository/bookmark/update_bookmark_by_id.go:23.25,25.3 1 0
github.com/vukieuhaihoa/bookmark-service/internal/app/repository/bookmark/update_bookmark_by_id.go:27.2,27.30 1 0
github.com/vukieuhaihoa/bookmark-service/internal/app/repository/bookmark/update_bookmark_by_id.go:27.30,29.3 1 0
github.com/vukieuhaihoa/bookmark-service/internal/app/repository/bookmark/update_bookmark_by_id.go:31.2,31.12 1 0
github.com/vukieuhaihoa/bookmark-service/internal/app/repository/cache/del.go:13.80,15.2 1 0
github.com/vukieuhaihoa/bookmark-service/internal/app/repository/cache/get.go:15.95,17.16 2 0
github.com/vukieuhaihoa/bookmark-service/internal/app/repository/cache/get.go:17.16,19.3 1 0
github.com/vukieuhaihoa/bookmark-service/internal/app/repository/cache/get.go:21.2,21.20 1 0
github.com/vukieuhaihoa/bookmark-service/internal/app/repository/cache/redis.go:16.45,20.2 1 0
github.com/vukieuhaihoa/bookmark-service/internal/app/repository/cache/set.go:19.123,21.16 2 0
github.com/vukieuhaihoa/bookmark-service/internal/app/repository/cache/set.go:21.16,23.3 1 0
github.com/vukieuhaihoa/bookmark-service/internal/app/repository/cache/set.go:25.2,25.51 1 0
github.com/vukieuhaihoa/bookmark-service/internal/app/repository/healthcheck/db_ping.go:12.64,14.16 2 0
github.com/vukieuhaihoa/bookmark-service/internal/app/repository/healthcheck/db_ping.go:14.16,16.3 1 0
github.com/vukieuhaihoa/bookmark-service/internal/app/repository/healthcheck/db_ping.go:18.2,18.31 1 0
github.com/vukieuhaihoa/bookmark-service/internal/app/repository/healthcheck/redis_ping.go:12.67,14.2 1 0
github.com/vukieuhaihoa/bookmark-service/internal/app/repository/healthcheck/repo.go:51.82,56.2 1 0
github.com/vukieuhaihoa/bookmark-service/internal/app/repository/link/get_url.go:14.81,16.2 1 0
github.com/vukieuhaihoa/bookmark-service/internal/app/repository/link/repo.go:73.62,77.2 1 0
github.com/vukieuhaihoa/bookmark-service/internal/app/repository/link/store_url.go:18.94,19.19 1 0
github.com/vukieuhaihoa/bookmark-service/internal/app/repository/link/store_url.go:19.19,21.3 1 0
github.com/vukieuhaihoa/bookmark-service/internal/app/repository/link/store_url.go:22.2,22.85 1 0
github.com/vukieuhaihoa/bookmark-service/internal/app/repository/link/store_url_if_absent.go:20.110,21.19 1 0
github.com/vukieuhaihoa/bookmark-service/internal/app/repository/link/store_url_if_absent.go:21.19,23.3 1 0
github.com/vukieuhaihoa/bookmark-service/internal/app/repository/link/store_url_if_absent.go:24.2,24.90 1 0
github.com/vukieuhaihoa/bookmark-service/internal/app/repository/queue/push_message.go:11.77,13.2 1 0
github.com/vukieuhaihoa/bookmark-service/internal/app/repository/queue/redis.go:17.66,22.2 1 0
github.com/vukieuhaihoa/bookmark-service/internal/app/service/bookmark/cache_create_bookmark.go:23.130,25.16 2 0
github.com/vukieuhaihoa/bookmark-service/internal/app/service/bookmark/cache_create_bookmark.go:25.16,27.3 1 0
github.com/vukieuhaihoa/bookmark-service/internal/app/service/bookmark/cache_create_bookmark.go:29.2,29.60 1 0
github.com/vukieuhaihoa/bookmark-service/internal/app/service/bookmark/cache_delete_bookmark_by_id.go:19.101,21.16 2 0
github.com/vukieuhaihoa/bookmark-service/internal/app/service/bookmark/cache_delete_bookmark_by_id.go:21.16,23.3 1 0
github.com/vukieuhaihoa/bookmark-service/internal/app/service/bookmark/cache_delete_bookmark_by_id.go:24.2,24.50 1 0
github.com/vukieuhaihoa/bookmark-service/internal/app/service/bookmark/cache_list_bookmarks.go:29.140,35.39 5 0
github.com/vukieuhaihoa/bookmark-service/internal/app/service/bookmark/cache_list_bookmarks.go:35.39,37.17 2 0
github.com/vukieuhaihoa/bookmark-service/internal/app/service/bookmark/cache_list_bookmarks.go:37.17,40.4 2 0
github.com/vukieuhaihoa/bookmark-service/internal/app/service/bookmark/cache_list_bookmarks.go:43.2,44.16 2 0
github.com/vukieuhaihoa/bookmark-service/internal/app/service/bookmark/cache_list_bookmarks.go:44.16,46.3 1 0
github.com/vukieuhaihoa/bookmark-service/internal/app/service/bookmark/cache_list_bookmarks.go:48.2,52.16 2 0
github.com/vukieuhaihoa/bookmark-service/internal/app/service/bookmark/cache_list_bookmarks.go:52.16,54.22 2 0
github.com/vukieuhaihoa/bookmark-service/internal/app/service/bookmark/cache_list_bookmarks.go:54.22,56.4 1 0
[...]
github.com/vukieuhaihoa/bookmark-service/internal/api/api.go:249.50,259.2 4 7
github.com/vukieuhaihoa/bookmark-service/internal/app/handler/bookmark/create_bookmark.go:40.58,43.48 2 0
github.com/vukieuhaihoa/bookmark-service/internal/app/handler/bookmark/create_bookmark.go:43.48,46.3 2 0
github.com/vukieuhaihoa/bookmark-service/internal/app/handler/bookmark/create_bookmark.go:48.2,49.16 2 0
github.com/vukieuhaihoa/bookmark-service/internal/app/handler/bookmark/create_bookmark.go:49.16,52.3 2 0
github.com/vukieuhaihoa/bookmark-service/internal/app/handler/bookmark/create_bookmark.go:54.2,55.9 2 0
github.com/vukieuhaihoa/bookmark-service/internal/app/handler/bookmark/create_bookmark.go:56.50,58.9 2 0
github.com/vukieuhaihoa/bookmark-service/internal/app/handler/bookmark/create_bookmark.go:59.49,61.9 2 0
github.com/vukieuhaihoa/bookmark-service/internal/app/handler/bookmark/create_bookmark.go:62.27,62.27 0 0
github.com/vukieuhaihoa/bookmark-service/internal/app/handler/bookmark/create_bookmark.go:63.10,69.9 3 0
github.com/vukieuhaihoa/bookmark-service/internal/app/handler/bookmark/create_bookmark.go:73.2,76.4 1 0
github.com/vukieuhaihoa/bookmark-service/internal/app/handler/bookmark/delete_bookmark_by_id.go:27.62,29.22 2 0
github.com/vukieuhaihoa/bookmark-service/internal/app/handler/bookmark/delete_bookmark_by_id.go:29.22,34.3 2 0
github.com/vukieuhaihoa/bookmark-service/internal/app/handler/bookmark/delete_bookmark_by_id.go:36.2,37.16 2 0
github.com/vukieuhaihoa/bookmark-service/internal/app/handler/bookmark/delete_bookmark_by_id.go:37.16,40.3 2 0
github.com/vukieuhaihoa/bookmark-service/internal/app/handler/bookmark/delete_bookmark_by_id.go:42.2,43.9 2 0
github.com/vukieuhaihoa/bookmark-service/internal/app/handler/bookmark/delete_bookmark_by_id.go:44.53,46.9 2 0
github.com/vukieuhaihoa/bookmark-service/internal/app/handler/bookmark/delete_bookmark_by_id.go:47.18,47.18 0 0
github.com/vukieuhaihoa/bookmark-service/internal/app/handler/bookmark/delete_bookmark_by_id.go:48.10,51.9 3 0
github.com/vukieuhaihoa/bookmark-service/internal/app/handler/bookmark/delete_bookmark_by_id.go:54.2,56.4 1 0
github.com/vukieuhaihoa/bookmark-service/internal/app/handler/bookmark/handler.go:38.110,44.2 1 7
github.com/vukieuhaihoa/bookmark-service/internal/app/handler/bookmark/import_bookmarks.go:29.59,32.16 2 0
github.com/vukieuhaihoa/bookmark-service/internal/app/handler/bookmark/import_bookmarks.go:32.16,36.3 3 0
github.com/vukieuhaihoa/bookmark-service/internal/app/handler/bookmark/import_bookmarks.go:39.2,40.16 2 0
github.com/vukieuhaihoa/bookmark-service/internal/app/handler/bookmark/import_bookmarks.go:40.16,45.3 2 0
github.com/vukieuhaihoa/bookmark-service/internal/app/handler/bookmark/import_bookmarks.go:48.2,48.34 1 0
github.com/vukieuhaihoa/bookmark-service/internal/app/handler/bookmark/import_bookmarks.go:48.34,53.3 2 0
github.com/vukieuhaihoa/bookmark-service/internal/app/handler/bookmark/import_bookmarks.go:56.2,58.16 3 0
github.com/vukieuhaihoa/bookmark-service/internal/app/handler/bookmark/import_bookmarks.go:58.16,64.3 3 0
github.com/vukieuhaihoa/bookmark-service/internal/app/handler/bookmark/import_bookmarks.go:65.2,66.16 2 0
github.com/vukieuhaihoa/bookmark-service/internal/app/handler/bookmark/import_bookmarks.go:66.16,70.3 3 0
github.com/vukieuhaihoa/bookmark-service/internal/app/handler/bookmark/import_bookmarks.go:72.2,73.16 2 0
github.com/vukieuhaihoa/bookmark-service/internal/app/handler/bookmark/import_bookmarks.go:73.16,79.3 3 0
github.com/vukieuhaihoa/bookmark-service/internal/app/handler/bookmark/import_bookmarks.go:81.2,83.4 1 0
github.com/vukieuhaihoa/bookmark-service/internal/app/handler/bookmark/list_bookmarks.go:46.57,48.49 2 0
github.com/vukieuhaihoa/bookmark-service/internal/app/handler/bookmark/list_bookmarks.go:48.49,51.3 2 0
github.com/vukieuhaihoa/bookmark-service/internal/app/handler/bookmark/list_bookmarks.go:53.2,54.16 2 0
github.com/vukieuhaihoa/bookmark-service/internal/app/handler/bookmark/list_bookmarks.go:54.16,57.3 2 0
github.com/vukieuhaihoa/bookmark-service/internal/app/handler/bookmark/list_bookmarks.go:59.2,60.16 2 0
github.com/vukieuhaihoa/bookmark-service/internal/app/handler/bookmark/list_bookmarks.go:60.16,63.3 2 0
github.com/vukieuhaihoa/bookmark-service/internal/app/handler/bookmark/list_bookmarks.go:65.2,68.9 3 0
github.com/vukieuhaihoa/bookmark-service/internal/app/handler/bookmark/list_bookmarks.go:69.51,71.9 2 0
github.com/vukieuhaihoa/bookmark-service/internal/app/handler/bookmark/list_bookmarks.go:72.27,72.27 0 0
github.com/vukieuhaihoa/bookmark-service/internal/app/handler/bookmark/list_bookmarks.go:73.10,79.9 3 0
github.com/vukieuhaihoa/bookmark-service/internal/app/handler/bookmark/list_bookmarks.go:82.2,85.4 1 0
github.com/vukieuhaihoa/bookmark-service/internal/app/handler/bookmark/update_bookmark_by_id.go:35.62,37.48 2 0
github.com/vukieuhaihoa/bookmark-service/internal/app/handler/bookmark/update_bookmark_by_id.go:37.48,40.3 2 0
github.com/vukieuhaihoa/bookmark-service/internal/app/handler/bookmark/update_bookmark_by_id.go:42.2,43.22 2 0
github.com/vukieuhaihoa/bookmark-service/internal/app/handler/bookmark/update_bookmark_by_id.go:43.22,48.3 2 0
github.com/vukieuhaihoa/bookmark-service/internal/app/handler/bookmark/update_bookmark_by_id.go:50.2,51.16 2 0
github.com/vukieuhaihoa/bookmark-service/internal/app/handler/bookmark/update_bookmark_by_id.go:51.16,54.3 2 0
github.com/vukieuhaihoa/bookmark-service/internal/app/handler/bookmark/update_bookmark_by_id.go:56.2,62.9 3 0
github.com/vukieuhaihoa/bookmark-service/internal/app/handler/bookmark/update_bookmark_by_id.go:63.53,65.9 2 0
github.com/vukieuhaihoa/bookmark-service/internal/app/handler/bookmark/update_bookmark_by_id.go:66.18,66.18 0 0
github.com/vukieuhaihoa/bookmark-service/internal/app/handler/bookmark/update_bookmark_by_id.go:67.10,73.9 3 0
github.com/vukieuhaihoa/bookmark-service/internal/app/handler/bookmark/update_bookmark_by_id.go:76.2,78.4 1 0
github.com/vukieuhaihoa/bookmark-service/internal/app/handler/healthcheck/check.go:33.52,35.16 2 0
github.com/vukieuhaihoa/bookmark-service/internal/app/handler/healthcheck/check.go:35.16,43.3 3 0
github.com/vukieuhaihoa/bookmark-service/internal/app/handler/healthcheck/check.go:44.2,48.4 1 0
github.com/vukieuhaihoa/bookmark-service/internal/app/handler/healthcheck/handler.go:37.61,39.2 1 7
github.com/vukieuhaihoa/bookmark-service/internal/app/handler/link/get_url.go:29.46,31.16 2 3
github.com/vukieuhaihoa/bookmark-service/internal/app/handler/link/get_url.go:31.16,36.3 2 0
github.com/vukieuhaihoa/bookmark-service/internal/app/handler/link/get_url.go:38.2,40.9 2 3
github.com/vukieuhaihoa/bookmark-service/internal/app/handler/link/get_url.go:41.96,45.9 2 1
github.com/vukieuhaihoa/bookmark-service/internal/app/handler/link/get_url.go:46.18,46.18 0 2
github.com/vukieuhaihoa/bookmark-service/internal/app/handler/link/get_url.go:47.10,52.9 3 0
github.com/vukieuhaihoa/bookmark-service/internal/app/handler/link/get_url.go:55.2,55.35 1 2
github.com/vukieuhaihoa/bookmark-service/internal/app/handler/link/handler.go:48.51,52.2 1 7
github.com/vukieuhaihoa/bookmark-service/internal/app/handler/link/shorten_url.go:36.50,40.58 3 2
github.com/vukieuhaihoa/bookmark-service/internal/app/handler/link/shorten_url.go:40.58,45.3 2 1
github.com/vukieuhaihoa/bookmark-service/internal/app/handler/link/shorten_url.go:47.2,48.16 2 1
github.com/vukieuhaihoa/bookmark-service/internal/app/handler/link/shorten_url.go:48.16,54.3 3 0
github.com/vukieuhaihoa/bookmark-service/internal/app/handler/link/shorten_url.go:56.2,59.4 1 1
github.com/vukieuhaihoa/bookmark-service/internal/app/model/base.go:27.54,28.16 1 36
github.com/vukieuhaihoa/bookmark-service/internal/app/model/base.go:28.16,30.3 1 0
github.com/vukieuhaihoa/bookmark-service/internal/app/model/base.go:31.2,31.12 1 36
github.com/vukieuhaihoa/bookmark-service/internal/app/repository/bookmark/create_bookmark.go:23.117,24.67 1 0
github.com/vukieuhaihoa/bookmark-service/internal/app/repository/bookmark/create_bookmark.go:24.67,26.78 1 0
github.com/vukieuhaihoa/bookmark-service/internal/app/repository/bookmark/create_bookmark.go:26.78,28.4 1 0
github.com/vukieuhaihoa/bookmark-service/internal/app/repository/bookmark/create_bookmark.go:30.3,31.17 2 0
github.com/vukieuhaihoa/bookmark-service/internal/app/repository/bookmark/create_bookmark.go:31.17,33.4 1 0
github.com/vukieuhaihoa/bookmark-service/internal/app/repository/bookmark/create_bookmark.go:35.3,37.49 2 0
github.com/vukieuhaihoa/bookmark-service/internal/app/repository/bookmark/create_bookmark.go:37.49,39.4 1 0
github.com/vukieuhaihoa/bookmark-service/internal/app/repository/bookmark/create_bookmark.go:41.3,41.13 1 0
github.com/vukieuhaihoa/bookmark-service/internal/app/repository/bookmark/create_bookmark.go:44.2,44.16 1 0
github.com/vukieuhaihoa/bookmark-service/internal/app/repository/bookmark/create_bookmark.go:44.16,46.3 1 0
github.com/vukieuhaihoa/bookmark-service/internal/app/repository/bookmark/create_bookmark.go:48.2,48.22 1 0
github.com/vukieuhaihoa/bookmark-service/internal/app/repository/bookmark/delete_bookmark_by_id.go:21.95,23.25 2 0
github.com/vukieuhaihoa/bookmark-service/internal/app/repository/bookmark/delete_bookmark_by_id.go:23.25,26.3 1 0
github.com/vukieuhaihoa/bookmark-service/internal/app/repository/bookmark/delete_bookmark_by_id.go:28.2,28.30 1 0
github.com/vukieuhaihoa/bookmark-service/internal/app/repository/bookmark/delete_bookmark_by_id.go:28.30,31.3 1 0
github.com/vukieuhaihoa/bookmark-service/internal/app/repository/bookmark/delete_bookmark_by_id.go:33.2,33.12 1 0
github.com/vukieuhaihoa/bookmark-service/internal/app/repository/bookmark/get_bookmark_by_code_shorten_encoded.go:19.121,22.16 3 1
github.com/vukieuhaihoa/bookmark-service/internal/app/repository/bookmark/get_bookmark_by_code_shorten_encoded.go:22.16,24.3 1 0
github.com/vukieuhaihoa/bookmark-service/internal/app/repository/bookmark/get_bookmark_by_code_shorten_encoded.go:26.2,26.17 1 1
github.com/vukieuhaihoa/bookmark-service/internal/app/repository/bookmark/list_bookmarks.go:24.134,29.41 3 0
github.com/vukieuhaihoa/bookmark-service/internal/app/repository/bookmark/list_bookmarks.go:29.41,31.3 1 0
github.com/vukieuhaihoa/bookmark-service/internal/app/repository/bookmark/list_bookmarks.go:33.2,33.55 1 0
github.com/vukieuhaihoa/bookmark-service/internal/app/repository/bookmark/list_bookmarks.go:33.55,35.3 1 0
github.com/vukieuhaihoa/bookmark-service/internal/app/repository/bookmark/list_bookmarks.go:37.2,37.108 1 0
github.com/vukieuhaihoa/bookmark-service/internal/app/repository/bookmark/list_bookmarks.go:37.108,39.3 1 0
github.com/vukieuhaihoa/bookmark-service/internal/app/repository/bookmark/list_bookmarks.go:41.2,41.23 1 0
github.com/vukieuhaihoa/bookmark-service/internal/app/repository/bookmark/repo.go:80.52,84.2 1 7
github.com/vukieuhaihoa/bookmark-service/internal/app/repository/bookmark/update_bookmark_by_id.go:21.128,23.25 2 0
github.com/vukieuhaihoa/bookmark-service/internal/app/repository/bookmark/update_bookmark_by_id.go:23.25,25.3 1 0
github.com/vukieuhaihoa/bookmark-service/internal/app/repository/bookmark/update_bookmark_by_id.go:27.2,27.30 1 0
github.com/vukieuhaihoa/bookmark-service/internal/app/repository/bookmark/update_bookmark_by_id.go:27.30,29.3 1 0
github.com/vukieuhaihoa/bookmark-service/internal/app/repository/bookmark/update_bookmark_by_id.go:31.2,31.12 1 0
github.com/vukieuhaihoa/bookmark-service/internal/app/repository/cache/del.go:13.80,15.2 1 0
github.com/vukieuhaihoa/bookmark-service/internal/app/repository/cache/get.go:15.95,17.16 2 0
github.com/vukieuhaihoa/bookmark-service/internal/app/repository/cache/get.go:17.16,19.3 1 0
github.com/vukieuhaihoa/bookmark-service/internal/app/repository/cache/get.go:21.2,21.20 1 0
github.com/vukieuhaihoa/bookmark-service/internal/app/repository/cache/redis.go:16.45,20.2 1 7
github.com/vukieuhaihoa/bookmark-service/internal/app/repository/cache/set.go:19.123,21.16 2 0
github.com/vukieuhaihoa/bookmark-service/internal/app/repository/cache/set.go:21.16,23.3 1 0
github.com/vukieuhaihoa/bookmark-service/internal/app/repository/cache/set.go:25.2,25.51 1 0
github.com/vukieuhaihoa/bookmark-service/internal/app/repository/healthcheck/db_ping.go:12.64,14.16 2 0
github.com/vukieuhaihoa/bookmark-service/internal/app/repository/healthcheck/db_ping.go:14.16,16.3 1 0
github.com/vukieuhaihoa/bookmark-service/internal/app/repository/healthcheck/db_ping.go:18.2,18.31 1 0
github.com/vukieuhaihoa/bookmark-service/internal/app/repository/healthcheck/redis_ping.go:12.67,14.2 1 0
github.com/vukieuhaihoa/bookmark-service/internal/app/repository/healthcheck/repo.go:51.82,56.2 1 7
github.com/vukieuhaihoa/bookmark-service/internal/app/repository/link/get_url.go:14.81,16.2 1 1
github.com/vukieuhaihoa/bookmark-service/internal/app/repository/link/repo.go:73.62,77.2 1 7
github.com/vukieuhaihoa/bookmark-service/internal/app/repository/link/store_url.go:18.94,19.19 1 0
github.com/vukieuhaihoa/bookmark-service/internal/app/repository/link/store_url.go:19.19,21.3 1 0
github.com/vukieuhaihoa/bookmark-service/internal/app/repository/link/store_url.go:22.2,22.85 1 0
github.com/vukieuhaihoa/bookmark-service/internal/app/repository/link/store_url_if_absent.go:20.110,21.19 1 1
github.com/vukieuhaihoa/bookmark-service/internal/app/repository/link/store_url_if_absent.go:21.19,23.3 1 0
github.com/vukieuhaihoa/bookmark-service/internal/app/repository/link/store_url_if_absent.go:24.2,24.90 1 1
github.com/vukieuhaihoa/bookmark-service/internal/app/repository/queue/push_message.go:11.77,13.2 1 0
github.com/vukieuhaihoa/bookmark-service/internal/app/repository/queue/redis.go:17.66,22.2 1 7
github.com/vukieuhaihoa/bookmark-service/internal/app/service/bookmark/cache_create_bookmark.go:23.130,25.16 2 0
github.com/vukieuhaihoa/bookmark-service/internal/app/service/bookmark/cache_create_bookmark.go:25.16,27.3 1 0
github.com/vukieuhaihoa/bookmark-service/internal/app/service/bookmark/cache_create_bookmark.go:29.2,29.60 1 0
github.com/vukieuhaihoa/bookmark-service/internal/app/service/bookmark/cache_delete_bookmark_by_id.go:19.101,21.16 2 0
github.com/vukieuhaihoa/bookmark-service/internal/app/service/bookmark/cache_delete_bookmark_by_id.go:21.16,23.3 1 0
github.com/vukieuhaihoa/bookmark-service/internal/app/service/bookmark/cache_delete_bookmark_by_id.go:24.2,24.50 1 0
github.com/vukieuhaihoa/bookmark-service/internal/app/service/bookmark/cache_list_bookmarks.go:29.140,35.39 5 0
github.com/vukieuhaihoa/bookmark-service/internal/app/service/bookmark/cache_list_bookmarks.go:35.39,37.17 2 0
github.com/vukieuhaihoa/bookmark-service/internal/app/service/bookmark/cache_list_bookmarks.go:37.17,40.4 2 0
github.com/vukieuhaihoa/bookmark-service/internal/app/service/bookmark/cache_list_bookmarks.go:43.2,44.16 2 0
github.com/vukieuhaihoa/bookmark-service/internal/app/service/bookmark/cache_list_bookmarks.go:44.16,46.3 1 0
github.com/vukieuhaihoa/bookmark-service/internal/app/service/bookmark/cache_list_bookmarks.go:48.2,52.16 2 0
github.com/vukieuhaihoa/bookmark-service/internal/app/service/bookmark/cache_list_bookmarks.go:52.16,54.22 2 0
github.com/vukieuhaihoa/bookmark-service/internal/app/service/bookmark/cache_list_bookmarks.go:54.22,56.4 1 0
github.com/vukieuhaihoa/bookmark-service/internal/app/service/bookmark/cache_list_bookmarks.go:59.2,59.23 1 0
github.com/vukieuhaihoa/bookmark-service/internal/app/service/bookmark/cache_list_bookmarks.go:62.73,64.36 2 0
github.com/vukieuhaihoa/bookmark-service/internal/app/service/bookmark/cache_list_bookmarks.go:64.36,69.3 4 0
github.com/vukieuhaihoa/bookmark-service/internal/app/service/bookmark/cache_list_bookmarks.go:71.2,71.93 1 0
github.com/vukieuhaihoa/bookmark-service/internal/app/service/bookmark/cache_service.go:28.71,33.2 1 7
github.com/vukieuhaihoa/bookmark-service/internal/app/service/bookmark/cache_update_bookmark_by_id.go:21.134,23.16 2 0
github.com/vukieuhaihoa/bookmark-service/internal/app/service/bookmark/cache_update_bookmark_by_id.go:23.16,25.3 1 0
github.com/vukieuhaihoa/bookmark-service/internal/app/service/bookmark/cache_update_bookmark_by_id.go:26.2,26.67 1 0
github.com/vukieuhaihoa/bookmark-service/internal/app/service/bookmark/create_bookmark.go:19.121,27.16 3 0
github.com/vukieuhaihoa/bookmark-service/internal/app/service/bookmark/create_bookmark.go:27.16,29.3 1 0
github.com/vukieuhaihoa/bookmark-service/internal/app/service/bookmark/create_bookmark.go:31.2,31.29 1 0
github.com/vukieuhaihoa/bookmark-service/internal/app/service/bookmark/delete_bookmark_by_id.go:16.92,18.2 1 0
github.com/vukieuhaihoa/bookmark-service/internal/app/service/bookmark/list_bookmarks.go:20.131,22.2 1 0
github.com/vukieuhaihoa/bookmark-service/internal/app/service/bookmark/service.go:74.59,78.2 1 7
github.com/vukieuhaihoa/bookmark-service/internal/app/service/bookmark/update_bookmark_by_id.go:20.125,22.2 1 0
github.com/vukieuhaihoa/bookmark-service/internal/app/service/healthcheck/check.go:16.89,17.57 1 0
github.com/vukieuhaihoa/bookmark-service/internal/app/service/healthcheck/check.go:17.57,19.3 1 0
github.com/vukieuhaihoa/bookmark-service/internal/app/service/healthcheck/check.go:21.2,21.54 1 0
github.com/vukieuhaihoa/bookmark-service/internal/app/service/healthcheck/check.go:21.54,23.3 1 0
github.com/vukieuhaihoa/bookmark-service/internal/app/service/healthcheck/check.go:25.2,25.51 1 0
github.com/vukieuhaihoa/bookmark-service/internal/app/service/healthcheck/service.go:53.108,59.2 1 7
github.com/vukieuhaihoa/bookmark-service/internal/app/service/link/get_url.go:21.83,22.9 1 3
github.com/vukieuhaihoa/bookmark-service/internal/app/service/link/get_url.go:23.102,25.32 2 1
github.com/vukieuhaihoa/bookmark-service/internal/app/service/link/get_url.go:25.32,27.4 1 0
github.com/vukieuhaihoa/bookmark-service/internal/app/service/link/get_url.go:29.3,29.18 1 1
github.com/vukieuhaihoa/bookmark-service/internal/app/service/link/get_url.go:30.63,32.17 2 1
github.com/vukieuhaihoa/bookmark-service/internal/app/service/link/get_url.go:32.17,34.4 1 0
github.com/vukieuhaihoa/bookmark-service/internal/app/service/link/get_url.go:35.3,35.27 1 1
github.com/vukieuhaihoa/bookmark-service/internal/app/service/link/get_url.go:36.10,37.29 1 1
github.com/vukieuhaihoa/bookmark-service/internal/app/service/link/service.go:71.120,77.2 1 7
github.com/vukieuhaihoa/bookmark-service/internal/app/service/link/shorten_url.go:20.105,21.59 1 1
github.com/vukieuhaihoa/bookmark-service/internal/app/service/link/shorten_url.go:21.59,23.17 2 1
github.com/vukieuhaihoa/bookmark-service/internal/app/service/link/shorten_url.go:23.17,25.4 1 0
github.com/vukieuhaihoa/bookmark-service/internal/app/service/link/shorten_url.go:27.3,30.17 3 1
github.com/vukieuhaihoa/bookmark-service/internal/app/service/link/shorten_url.go:30.17,32.4 1 0
github.com/vukieuhaihoa/bookmark-service/internal/app/service/link/shorten_url.go:33.3,33.13 1 1
github.com/vukieuhaihoa/bookmark-service/internal/app/service/link/shorten_url.go:33.13,35.4 1 1
github.com/vukieuhaihoa/bookmark-service/internal/app/service/link/shorten_url.go:39.2,39.34 1 0
github.com/vukieuhaihoa/bookmark-service/internal/app/service/queue/send_import_bookmark_job.go:34.119,36.32 2 0
github.com/vukieuhaihoa/bookmark-service/internal/app/service/queue/send_import_bookmark_job.go:36.32,37.52 1 0
github.com/vukieuhaihoa/bookmark-service/internal/app/service/queue/send_import_bookmark_job.go:37.52,39.4 1 0
github.com/vukieuhaihoa/bookmark-service/internal/app/service/queue/send_import_bookmark_job.go:41.2,41.12 1 0
github.com/vukieuhaihoa/bookmark-service/internal/app/service/queue/send_import_bookmark_job.go:51.105,58.16 3 0
github.com/vukieuhaihoa/bookmark-service/internal/app/service/queue/send_import_bookmark_job.go:58.16,60.3 1 0
github.com/vukieuhaihoa/bookmark-service/internal/app/service/queue/send_import_bookmark_job.go:62.2,62.46 1 0
github.com/vukieuhaihoa/bookmark-service/internal/app/service/queue/service.go:33.53,37.2 1 7
